2020/06/19 10:20:57 [error] 6#6: *2 open() "/usr/share/nginx/html/favicon.ico" failed (2: No such file or directory), client: 172.17.0.1, server: localhost, request: "GET /favicon.ico HTTP/1.1", host: "127.0.0.1:8080", referrer: "http://127.0.0.1:8080/"
2021/09/07 18:30:11 [error] 28#28: *3 open() "/usr/share/nginx/html/favicon.ico" failed (2: No such file or directory), client: 172.17.0.1, server: localhost, request: "GET /favicon.ico HTTP/1.1", host: "localhost:8080", referrer: "http://localhost:8080/"
2021/09/07 18:30:25 [error] 28#28: *5 open() "/usr/share/nginx/html/contact" failed (2: No such file or directory), client: 172.17.0.1, server: localhost, request: "GET /contact HTTP/1.1", host: "localhost:8080"
2021/09/07 18:30:40 [error] 28#28: *7 open() "/usr/share/nginx/html/api/contact" failed (2: No such file or directory), client: 172.17.0.1, server: localhost, request: "GET /api/contact HTTP/1.1", host: "localhost:8080"
2021/09/07 18:30:48 [error] 28#28: *9 open() "/usr/share/nginx/html/api/contact" failed (2: No such file or directory), client: 172.17.0.1, server: localhost, request: "GET /api/contact HTTP/1.1", host: "localhost:8080"
2022/02/06 16:11:51 [notice] 1#1: using the "epoll" event method
2022/02/06 16:11:51 [notice] 1#1: nginx/1.21.6
2022/02/06 16:11:51 [notice] 1#1: built by gcc 10.2.1 20210110 (Debian 10.2.1-6) 
2022/02/06 16:11:51 [notice] 1#1: OS: Linux 4.19.128-microsoft-standard
2022/02/06 16:11:51 [notice] 1#1: getrlimit(RLIMIT_NOFILE): 1048576:1048576
2022/02/06 16:11:51 [notice] 1#1: start worker processes
2022/02/06 16:11:51 [notice] 1#1: start worker process 31
2022/02/06 16:11:51 [notice] 1#1: start worker process 32
2022/02/06 16:11:51 [notice] 1#1: start worker process 33
2022/02/06 16:11:51 [notice] 1#1: start worker process 34
2022/02/07 04:37:03 [notice] 1#1: signal 3 (SIGQUIT) received, shutting down
2022/02/07 04:37:03 [notice] 32#32: gracefully shutting down
2022/02/07 04:37:03 [notice] 31#31: gracefully shutting down
2022/02/07 04:37:03 [notice] 33#33: gracefully shutting down
2022/02/07 04:37:03 [notice] 34#34: gracefully shutting down
2022/02/07 04:37:03 [notice] 32#32: exiting
2022/02/07 04:37:03 [notice] 31#31: exiting
2022/02/07 04:37:03 [notice] 33#33: exiting
2022/02/07 04:37:03 [notice] 34#34: exiting
2022/02/07 04:37:03 [notice] 32#32: exit
2022/02/07 04:37:03 [notice] 31#31: exit
2022/02/07 04:37:03 [notice] 33#33: exit
2022/02/07 04:37:03 [notice] 34#34: exit
2022/02/07 04:37:03 [notice] 1#1: signal 17 (SIGCHLD) received from 32
2022/02/07 04:37:03 [notice] 1#1: worker process 32 exited with code 0
2022/02/07 04:37:03 [notice] 1#1: signal 29 (SIGIO) received
2022/02/07 04:37:03 [notice] 1#1: signal 17 (SIGCHLD) received from 33
2022/02/07 04:37:03 [notice] 1#1: worker process 33 exited with code 0
2022/02/07 04:37:03 [notice] 1#1: worker process 31 exited with code 0
2022/02/07 04:37:03 [notice] 1#1: signal 29 (SIGIO) received
2022/02/07 04:37:03 [notice] 1#1: signal 17 (SIGCHLD) received from 31
2022/02/07 04:37:03 [notice] 1#1: signal 17 (SIGCHLD) received from 34
2022/02/07 04:37:03 [notice] 1#1: worker process 34 exited with code 0
2022/02/07 04:37:03 [notice] 1#1: exit
2022/02/07 09:57:59 [emerg] 1#1: host not found in upstream "app" in /etc/nginx/conf.d/api.conf:13
2022/02/07 09:58:06 [emerg] 1#1: host not found in upstream "app" in /etc/nginx/conf.d/api.conf:13
2022/02/07 09:58:12 [emerg] 1#1: host not found in upstream "app" in /etc/nginx/conf.d/api.conf:13
2022/02/07 09:58:19 [emerg] 1#1: host not found in upstream "app" in /etc/nginx/conf.d/api.conf:13
2022/02/07 09:58:26 [emerg] 1#1: host not found in upstream "app" in /etc/nginx/conf.d/api.conf:13
2022/02/07 09:58:33 [emerg] 1#1: host not found in upstream "app" in /etc/nginx/conf.d/api.conf:13
2022/02/07 09:58:43 [emerg] 1#1: host not found in upstream "app" in /etc/nginx/conf.d/api.conf:13
2022/02/07 09:58:55 [emerg] 1#1: host not found in upstream "app" in /etc/nginx/conf.d/api.conf:13
2022/02/07 09:59:14 [emerg] 1#1: host not found in upstream "app" in /etc/nginx/conf.d/api.conf:13
2022/02/07 09:59:46 [emerg] 1#1: host not found in upstream "app" in /etc/nginx/conf.d/api.conf:13
2022/02/07 10:00:43 [emerg] 1#1: host not found in upstream "app" in /etc/nginx/conf.d/api.conf:13
2022/02/07 10:01:57 [emerg] 1#1: host not found in upstream "app" in /etc/nginx/conf.d/api.conf:13
2022/02/07 10:02:03 [emerg] 1#1: host not found in upstream "app" in /etc/nginx/conf.d/api.conf:13
2022/02/07 10:02:10 [emerg] 1#1: host not found in upstream "app" in /etc/nginx/conf.d/api.conf:13
2022/02/07 10:02:16 [emerg] 1#1: host not found in upstream "app" in /etc/nginx/conf.d/api.conf:13
2022/02/07 10:02:23 [emerg] 1#1: host not found in upstream "app" in /etc/nginx/conf.d/api.conf:13
2022/02/07 10:02:31 [emerg] 1#1: host not found in upstream "app" in /etc/nginx/conf.d/api.conf:13
2022/02/07 10:02:40 [emerg] 1#1: host not found in upstream "app" in /etc/nginx/conf.d/api.conf:13
2022/02/07 10:02:53 [emerg] 1#1: host not found in upstream "app" in /etc/nginx/conf.d/api.conf:13
2022/02/07 10:03:12 [emerg] 1#1: host not found in upstream "app" in /etc/nginx/conf.d/api.conf:13
2022/02/07 10:03:48 [emerg] 1#1: host not found in upstream "app" in /etc/nginx/conf.d/api.conf:13
2022/02/07 10:03:55 [emerg] 1#1: host not found in upstream "app" in /etc/nginx/conf.d/api.conf:13
2022/02/07 10:04:02 [emerg] 1#1: host not found in upstream "app" in /etc/nginx/conf.d/api.conf:13
2022/02/07 10:04:08 [emerg] 1#1: host not found in upstream "app" in /etc/nginx/conf.d/api.conf:13
2022/02/07 10:04:15 [emerg] 1#1: host not found in upstream "app" in /etc/nginx/conf.d/api.conf:13
2022/02/07 10:04:23 [emerg] 1#1: host not found in upstream "app" in /etc/nginx/conf.d/api.conf:13
2022/02/07 10:04:32 [emerg] 1#1: host not found in upstream "app" in /etc/nginx/conf.d/api.conf:13
2022/02/07 10:05:02 [emerg] 1#1: host not found in upstream "app" in /etc/nginx/conf.d/api.conf:13
2022/02/07 10:05:08 [emerg] 1#1: host not found in upstream "app" in /etc/nginx/conf.d/api.conf:13
2022/02/07 10:05:15 [emerg] 1#1: host not found in upstream "app" in /etc/nginx/conf.d/api.conf:13
2022/02/07 10:05:22 [emerg] 1#1: host not found in upstream "app" in /etc/nginx/conf.d/api.conf:13
2022/02/07 10:05:29 [emerg] 1#1: host not found in upstream "app" in /etc/nginx/conf.d/api.conf:13
2022/02/07 10:05:36 [emerg] 1#1: host not found in upstream "app" in /etc/nginx/conf.d/api.conf:13
2022/02/07 10:05:46 [emerg] 1#1: host not found in upstream "app" in /etc/nginx/conf.d/api.conf:13
2022/02/07 10:05:59 [emerg] 1#1: host not found in upstream "app" in /etc/nginx/conf.d/api.conf:13
2022/02/07 10:06:17 [emerg] 1#1: host not found in upstream "app" in /etc/nginx/conf.d/api.conf:13
2022/02/07 10:08:10 [emerg] 1#1: host not found in upstream "app" in /etc/nginx/conf.d/api.conf:13
2022/02/07 10:08:17 [emerg] 1#1: host not found in upstream "app" in /etc/nginx/conf.d/api.conf:13
2022/02/07 10:08:23 [emerg] 1#1: host not found in upstream "app" in /etc/nginx/conf.d/api.conf:13
2022/02/07 10:08:29 [emerg] 1#1: host not found in upstream "app" in /etc/nginx/conf.d/api.conf:13
2022/02/07 10:08:36 [emerg] 1#1: host not found in upstream "app" in /etc/nginx/conf.d/api.conf:13
2022/02/07 10:08:44 [emerg] 1#1: host not found in upstream "app" in /etc/nginx/conf.d/api.conf:13
2022/02/07 10:08:53 [emerg] 1#1: host not found in upstream "app" in /etc/nginx/conf.d/api.conf:13
2022/02/07 10:09:06 [emerg] 1#1: host not found in upstream "app" in /etc/nginx/conf.d/api.conf:13
2022/02/07 10:09:25 [emerg] 1#1: host not found in upstream "app" in /etc/nginx/conf.d/api.conf:13
2022/02/07 10:09:57 [emerg] 1#1: host not found in upstream "app" in /etc/nginx/conf.d/api.conf:13
2022/02/07 10:11:21 [emerg] 1#1: host not found in upstream "app" in /etc/nginx/conf.d/api.conf:13
2022/02/07 10:11:28 [emerg] 1#1: host not found in upstream "app" in /etc/nginx/conf.d/api.conf:13
2022/02/07 10:11:35 [emerg] 1#1: host not found in upstream "app" in /etc/nginx/conf.d/api.conf:13
2022/02/07 10:11:41 [emerg] 1#1: host not found in upstream "app" in /etc/nginx/conf.d/api.conf:13
2022/02/07 10:11:48 [emerg] 1#1: host not found in upstream "app" in /etc/nginx/conf.d/api.conf:13
2022/02/07 10:11:56 [emerg] 1#1: host not found in upstream "app" in /etc/nginx/conf.d/api.conf:13
2022/02/07 10:12:06 [emerg] 1#1: host not found in upstream "app" in /etc/nginx/conf.d/api.conf:13
2022/02/07 10:12:19 [emerg] 1#1: host not found in upstream "app" in /etc/nginx/conf.d/api.conf:13
2022/02/07 10:12:38 [emerg] 1#1: host not found in upstream "app" in /etc/nginx/conf.d/api.conf:13
2022/02/07 10:13:09 [emerg] 1#1: host not found in upstream "app" in /etc/nginx/conf.d/api.conf:13
2022/02/07 10:14:07 [emerg] 1#1: host not found in upstream "app" in /etc/nginx/conf.d/api.conf:13
2022/02/07 10:15:13 [emerg] 1#1: host not found in upstream "app" in /etc/nginx/conf.d/api.conf:13
2022/02/07 10:16:19 [emerg] 1#1: host not found in upstream "app" in /etc/nginx/conf.d/api.conf:13
2022/02/07 10:17:26 [emerg] 1#1: host not found in upstream "app" in /etc/nginx/conf.d/api.conf:13
2022/02/07 10:18:32 [emerg] 1#1: host not found in upstream "app" in /etc/nginx/conf.d/api.conf:13
2022/02/07 10:19:38 [emerg] 1#1: host not found in upstream "app" in /etc/nginx/conf.d/api.conf:13
2022/02/07 10:20:44 [emerg] 1#1: host not found in upstream "app" in /etc/nginx/conf.d/api.conf:13
2022/02/07 10:21:51 [emerg] 1#1: host not found in upstream "app" in /etc/nginx/conf.d/api.conf:13
2022/02/07 10:22:57 [emerg] 1#1: host not found in upstream "app" in /etc/nginx/conf.d/api.conf:13
2022/02/07 10:24:03 [emerg] 1#1: host not found in upstream "app" in /etc/nginx/conf.d/api.conf:13
2022/02/07 10:25:09 [emerg] 1#1: host not found in upstream "app" in /etc/nginx/conf.d/api.conf:13
2022/02/07 10:26:15 [emerg] 1#1: host not found in upstream "app" in /etc/nginx/conf.d/api.conf:13
2022/02/07 10:27:21 [emerg] 1#1: host not found in upstream "app" in /etc/nginx/conf.d/api.conf:13
2022/02/07 10:28:27 [emerg] 1#1: host not found in upstream "app" in /etc/nginx/conf.d/api.conf:13
2022/02/07 10:29:33 [emerg] 1#1: host not found in upstream "app" in /etc/nginx/conf.d/api.conf:13
2022/02/07 10:30:39 [emerg] 1#1: host not found in upstream "app" in /etc/nginx/conf.d/api.conf:13
2022/02/07 10:31:45 [emerg] 1#1: host not found in upstream "app" in /etc/nginx/conf.d/api.conf:13
2022/02/07 10:32:51 [emerg] 1#1: host not found in upstream "app" in /etc/nginx/conf.d/api.conf:13
2022/02/07 10:33:57 [emerg] 1#1: host not found in upstream "app" in /etc/nginx/conf.d/api.conf:13
2022/02/07 10:35:03 [emerg] 1#1: host not found in upstream "app" in /etc/nginx/conf.d/api.conf:13
2022/02/07 10:36:09 [emerg] 1#1: host not found in upstream "app" in /etc/nginx/conf.d/api.conf:13
2022/02/07 10:37:15 [emerg] 1#1: host not found in upstream "app" in /etc/nginx/conf.d/api.conf:13
2022/02/07 10:38:21 [emerg] 1#1: host not found in upstream "app" in /etc/nginx/conf.d/api.conf:13
2022/02/07 10:39:27 [emerg] 1#1: host not found in upstream "app" in /etc/nginx/conf.d/api.conf:13
2022/02/07 10:40:34 [emerg] 1#1: host not found in upstream "app" in /etc/nginx/conf.d/api.conf:13
2022/02/07 10:41:40 [emerg] 1#1: host not found in upstream "app" in /etc/nginx/conf.d/api.conf:13
2022/02/07 10:42:47 [emerg] 1#1: host not found in upstream "app" in /etc/nginx/conf.d/api.conf:13
2022/02/07 10:43:53 [emerg] 1#1: host not found in upstream "app" in /etc/nginx/conf.d/api.conf:13
2022/02/07 10:44:59 [emerg] 1#1: host not found in upstream "app" in /etc/nginx/conf.d/api.conf:13
2022/02/07 10:46:06 [emerg] 1#1: host not found in upstream "app" in /etc/nginx/conf.d/api.conf:13
2022/02/07 10:47:12 [emerg] 1#1: host not found in upstream "app" in /etc/nginx/conf.d/api.conf:13
2022/02/07 10:48:18 [emerg] 1#1: host not found in upstream "app" in /etc/nginx/conf.d/api.conf:13
2022/02/07 10:49:25 [emerg] 1#1: host not found in upstream "app" in /etc/nginx/conf.d/api.conf:13
2022/02/07 10:50:31 [emerg] 1#1: host not found in upstream "app" in /etc/nginx/conf.d/api.conf:13
2022/02/07 10:51:37 [emerg] 1#1: host not found in upstream "app" in /etc/nginx/conf.d/api.conf:13
2022/02/07 10:52:43 [emerg] 1#1: host not found in upstream "app" in /etc/nginx/conf.d/api.conf:13
2022/02/07 10:53:50 [emerg] 1#1: host not found in upstream "app" in /etc/nginx/conf.d/api.conf:13
2022/02/07 10:54:56 [emerg] 1#1: host not found in upstream "app" in /etc/nginx/conf.d/api.conf:13
2022/02/07 10:56:02 [emerg] 1#1: host not found in upstream "app" in /etc/nginx/conf.d/api.conf:13
2022/02/07 10:57:09 [emerg] 1#1: host not found in upstream "app" in /etc/nginx/conf.d/api.conf:13
2022/02/07 10:58:15 [emerg] 1#1: host not found in upstream "app" in /etc/nginx/conf.d/api.conf:13
2022/02/07 10:59:21 [emerg] 1#1: host not found in upstream "app" in /etc/nginx/conf.d/api.conf:13
2022/02/07 11:00:27 [emerg] 1#1: host not found in upstream "app" in /etc/nginx/conf.d/api.conf:13
2022/02/07 11:01:34 [emerg] 1#1: host not found in upstream "app" in /etc/nginx/conf.d/api.conf:13
2022/02/07 11:02:40 [emerg] 1#1: host not found in upstream "app" in /etc/nginx/conf.d/api.conf:13
2022/02/07 11:03:46 [emerg] 1#1: host not found in upstream "app" in /etc/nginx/conf.d/api.conf:13
2022/02/07 11:04:53 [emerg] 1#1: host not found in upstream "app" in /etc/nginx/conf.d/api.conf:13
2022/02/07 11:05:59 [emerg] 1#1: host not found in upstream "app" in /etc/nginx/conf.d/api.conf:13
2022/02/07 11:07:05 [emerg] 1#1: host not found in upstream "app" in /etc/nginx/conf.d/api.conf:13
2022/02/07 11:08:12 [emerg] 1#1: host not found in upstream "app" in /etc/nginx/conf.d/api.conf:13
2022/02/07 11:09:18 [emerg] 1#1: host not found in upstream "app" in /etc/nginx/conf.d/api.conf:13
2022/02/07 11:10:25 [emerg] 1#1: host not found in upstream "app" in /etc/nginx/conf.d/api.conf:13
2022/02/07 11:11:31 [emerg] 1#1: host not found in upstream "app" in /etc/nginx/conf.d/api.conf:13
2022/02/07 11:12:37 [emerg] 1#1: host not found in upstream "app" in /etc/nginx/conf.d/api.conf:13
2022/02/07 11:13:43 [emerg] 1#1: host not found in upstream "app" in /etc/nginx/conf.d/api.conf:13
2022/02/07 11:14:50 [emerg] 1#1: host not found in upstream "app" in /etc/nginx/conf.d/api.conf:13
2022/02/07 11:15:56 [emerg] 1#1: host not found in upstream "app" in /etc/nginx/conf.d/api.conf:13
2022/02/07 11:17:02 [emerg] 1#1: host not found in upstream "app" in /etc/nginx/conf.d/api.conf:13
2022/02/07 11:18:09 [emerg] 1#1: host not found in upstream "app" in /etc/nginx/conf.d/api.conf:13
2022/02/07 11:19:15 [emerg] 1#1: host not found in upstream "app" in /etc/nginx/conf.d/api.conf:13
2022/02/07 11:20:21 [emerg] 1#1: host not found in upstream "app" in /etc/nginx/conf.d/api.conf:13
2022/02/07 11:21:28 [emerg] 1#1: host not found in upstream "app" in /etc/nginx/conf.d/api.conf:13
2022/02/07 11:22:34 [emerg] 1#1: host not found in upstream "app" in /etc/nginx/conf.d/api.conf:13
2022/02/07 11:23:40 [emerg] 1#1: host not found in upstream "app" in /etc/nginx/conf.d/api.conf:13
2022/02/07 11:24:46 [emerg] 1#1: host not found in upstream "app" in /etc/nginx/conf.d/api.conf:13
2022/02/07 11:25:53 [emerg] 1#1: host not found in upstream "app" in /etc/nginx/conf.d/api.conf:13
2022/02/07 11:26:59 [emerg] 1#1: host not found in upstream "app" in /etc/nginx/conf.d/api.conf:13
2022/02/07 11:28:06 [emerg] 1#1: host not found in upstream "app" in /etc/nginx/conf.d/api.conf:13
2022/02/07 11:29:12 [emerg] 1#1: host not found in upstream "app" in /etc/nginx/conf.d/api.conf:13
2022/02/07 11:30:18 [emerg] 1#1: host not found in upstream "app" in /etc/nginx/conf.d/api.conf:13
2022/02/07 11:31:24 [emerg] 1#1: host not found in upstream "app" in /etc/nginx/conf.d/api.conf:13
2022/02/07 11:32:30 [emerg] 1#1: host not found in upstream "app" in /etc/nginx/conf.d/api.conf:13
2022/02/07 11:33:37 [emerg] 1#1: host not found in upstream "app" in /etc/nginx/conf.d/api.conf:13
2022/02/07 11:34:43 [emerg] 1#1: host not found in upstream "app" in /etc/nginx/conf.d/api.conf:13
2022/02/07 11:35:49 [emerg] 1#1: host not found in upstream "app" in /etc/nginx/conf.d/api.conf:13
2022/02/07 11:36:55 [emerg] 1#1: host not found in upstream "app" in /etc/nginx/conf.d/api.conf:13
2022/02/07 11:38:02 [emerg] 1#1: host not found in upstream "app" in /etc/nginx/conf.d/api.conf:13
2022/02/07 11:39:08 [emerg] 1#1: host not found in upstream "app" in /etc/nginx/conf.d/api.conf:13
2022/02/07 11:40:14 [emerg] 1#1: host not found in upstream "app" in /etc/nginx/conf.d/api.conf:13
2022/02/07 11:41:21 [emerg] 1#1: host not found in upstream "app" in /etc/nginx/conf.d/api.conf:13
2022/02/07 11:42:27 [emerg] 1#1: host not found in upstream "app" in /etc/nginx/conf.d/api.conf:13
2022/02/07 11:43:33 [emerg] 1#1: host not found in upstream "app" in /etc/nginx/conf.d/api.conf:13
2022/02/07 11:44:40 [emerg] 1#1: host not found in upstream "app" in /etc/nginx/conf.d/api.conf:13
2022/02/07 11:45:46 [emerg] 1#1: host not found in upstream "app" in /etc/nginx/conf.d/api.conf:13
2022/02/07 11:46:52 [emerg] 1#1: host not found in upstream "app" in /etc/nginx/conf.d/api.conf:13
2022/02/07 11:47:58 [emerg] 1#1: host not found in upstream "app" in /etc/nginx/conf.d/api.conf:13
2022/02/07 11:49:05 [emerg] 1#1: host not found in upstream "app" in /etc/nginx/conf.d/api.conf:13
2022/02/07 11:50:11 [emerg] 1#1: host not found in upstream "app" in /etc/nginx/conf.d/api.conf:13
2022/02/07 11:51:17 [emerg] 1#1: host not found in upstream "app" in /etc/nginx/conf.d/api.conf:13
2022/02/07 11:52:24 [emerg] 1#1: host not found in upstream "app" in /etc/nginx/conf.d/api.conf:13
2022/02/07 11:53:30 [emerg] 1#1: host not found in upstream "app" in /etc/nginx/conf.d/api.conf:13
2022/02/07 11:54:36 [emerg] 1#1: host not found in upstream "app" in /etc/nginx/conf.d/api.conf:13
2022/02/07 11:55:43 [emerg] 1#1: host not found in upstream "app" in /etc/nginx/conf.d/api.conf:13
2022/02/07 11:56:49 [emerg] 1#1: host not found in upstream "app" in /etc/nginx/conf.d/api.conf:13
2022/02/07 11:57:55 [emerg] 1#1: host not found in upstream "app" in /etc/nginx/conf.d/api.conf:13
2022/02/07 11:59:01 [emerg] 1#1: host not found in upstream "app" in /etc/nginx/conf.d/api.conf:13
2022/02/07 12:00:08 [emerg] 1#1: host not found in upstream "app" in /etc/nginx/conf.d/api.conf:13
2022/02/07 12:01:14 [emerg] 1#1: host not found in upstream "app" in /etc/nginx/conf.d/api.conf:13
2022/02/07 12:02:20 [emerg] 1#1: host not found in upstream "app" in /etc/nginx/conf.d/api.conf:13
2022/02/07 12:03:27 [emerg] 1#1: host not found in upstream "app" in /etc/nginx/conf.d/api.conf:13
2022/02/07 12:04:33 [emerg] 1#1: host not found in upstream "app" in /etc/nginx/conf.d/api.conf:13
2022/02/07 12:05:39 [emerg] 1#1: host not found in upstream "app" in /etc/nginx/conf.d/api.conf:13
2022/02/07 12:06:46 [emerg] 1#1: host not found in upstream "app" in /etc/nginx/conf.d/api.conf:13
2022/02/07 12:07:53 [emerg] 1#1: host not found in upstream "app" in /etc/nginx/conf.d/api.conf:13
2022/02/07 12:08:59 [emerg] 1#1: host not found in upstream "app" in /etc/nginx/conf.d/api.conf:13
2022/02/07 12:10:05 [emerg] 1#1: host not found in upstream "app" in /etc/nginx/conf.d/api.conf:13
2022/02/07 12:11:12 [emerg] 1#1: host not found in upstream "app" in /etc/nginx/conf.d/api.conf:13
2022/02/07 12:12:18 [emerg] 1#1: host not found in upstream "app" in /etc/nginx/conf.d/api.conf:13
2022/02/07 12:13:25 [emerg] 1#1: host not found in upstream "app" in /etc/nginx/conf.d/api.conf:13
2022/02/07 12:14:31 [emerg] 1#1: host not found in upstream "app" in /etc/nginx/conf.d/api.conf:13
2022/02/07 12:15:37 [emerg] 1#1: host not found in upstream "app" in /etc/nginx/conf.d/api.conf:13
2022/02/07 12:16:43 [emerg] 1#1: host not found in upstream "app" in /etc/nginx/conf.d/api.conf:13
2022/02/07 12:17:50 [emerg] 1#1: host not found in upstream "app" in /etc/nginx/conf.d/api.conf:13
2022/02/07 12:18:57 [emerg] 1#1: host not found in upstream "app" in /etc/nginx/conf.d/api.conf:13
2022/02/07 12:20:03 [emerg] 1#1: host not found in upstream "app" in /etc/nginx/conf.d/api.conf:13
2022/02/07 12:21:09 [emerg] 1#1: host not found in upstream "app" in /etc/nginx/conf.d/api.conf:13
2022/02/07 12:22:16 [emerg] 1#1: host not found in upstream "app" in /etc/nginx/conf.d/api.conf:13
2022/02/07 12:23:22 [emerg] 1#1: host not found in upstream "app" in /etc/nginx/conf.d/api.conf:13
2022/02/07 12:24:28 [emerg] 1#1: host not found in upstream "app" in /etc/nginx/conf.d/api.conf:13
2022/02/07 12:25:35 [emerg] 1#1: host not found in upstream "app" in /etc/nginx/conf.d/api.conf:13
2022/02/07 12:26:41 [emerg] 1#1: host not found in upstream "app" in /etc/nginx/conf.d/api.conf:13
2022/02/07 12:27:47 [emerg] 1#1: host not found in upstream "app" in /etc/nginx/conf.d/api.conf:13
2022/02/07 12:28:53 [emerg] 1#1: host not found in upstream "app" in /etc/nginx/conf.d/api.conf:13
2022/02/07 12:29:59 [emerg] 1#1: host not found in upstream "app" in /etc/nginx/conf.d/api.conf:13
2022/02/07 12:31:05 [emerg] 1#1: host not found in upstream "app" in /etc/nginx/conf.d/api.conf:13
2022/02/07 12:32:12 [emerg] 1#1: host not found in upstream "app" in /etc/nginx/conf.d/api.conf:13
2022/02/07 12:33:18 [emerg] 1#1: host not found in upstream "app" in /etc/nginx/conf.d/api.conf:13
2022/02/07 12:34:24 [emerg] 1#1: host not found in upstream "app" in /etc/nginx/conf.d/api.conf:13
2022/02/07 12:35:30 [emerg] 1#1: host not found in upstream "app" in /etc/nginx/conf.d/api.conf:13
2022/02/07 12:36:36 [emerg] 1#1: host not found in upstream "app" in /etc/nginx/conf.d/api.conf:13
2022/02/07 12:37:42 [emerg] 1#1: host not found in upstream "app" in /etc/nginx/conf.d/api.conf:13
2022/02/07 12:38:49 [emerg] 1#1: host not found in upstream "app" in /etc/nginx/conf.d/api.conf:13
2022/02/07 12:39:55 [emerg] 1#1: host not found in upstream "app" in /etc/nginx/conf.d/api.conf:13
2022/02/07 12:41:02 [emerg] 1#1: host not found in upstream "app" in /etc/nginx/conf.d/api.conf:13
2022/02/07 12:42:08 [emerg] 1#1: host not found in upstream "app" in /etc/nginx/conf.d/api.conf:13
2022/02/07 12:43:14 [emerg] 1#1: host not found in upstream "app" in /etc/nginx/conf.d/api.conf:13
2022/02/07 12:44:20 [emerg] 1#1: host not found in upstream "app" in /etc/nginx/conf.d/api.conf:13
2022/02/07 12:45:27 [emerg] 1#1: host not found in upstream "app" in /etc/nginx/conf.d/api.conf:13
2022/02/07 12:46:33 [emerg] 1#1: host not found in upstream "app" in /etc/nginx/conf.d/api.conf:13
2022/02/07 12:47:39 [emerg] 1#1: host not found in upstream "app" in /etc/nginx/conf.d/api.conf:13
2022/02/07 12:48:46 [emerg] 1#1: host not found in upstream "app" in /etc/nginx/conf.d/api.conf:13
2022/02/07 12:49:52 [emerg] 1#1: host not found in upstream "app" in /etc/nginx/conf.d/api.conf:13
2022/02/07 12:50:58 [emerg] 1#1: host not found in upstream "app" in /etc/nginx/conf.d/api.conf:13
2022/02/07 12:52:04 [emerg] 1#1: host not found in upstream "app" in /etc/nginx/conf.d/api.conf:13
2022/02/07 12:53:11 [emerg] 1#1: host not found in upstream "app" in /etc/nginx/conf.d/api.conf:13
2022/02/07 12:54:17 [emerg] 1#1: host not found in upstream "app" in /etc/nginx/conf.d/api.conf:13
2022/02/07 12:55:23 [emerg] 1#1: host not found in upstream "app" in /etc/nginx/conf.d/api.conf:13
2022/02/07 12:56:31 [emerg] 1#1: host not found in upstream "app" in /etc/nginx/conf.d/api.conf:13
2022/02/07 12:57:37 [emerg] 1#1: host not found in upstream "app" in /etc/nginx/conf.d/api.conf:13
2022/02/07 12:58:43 [emerg] 1#1: host not found in upstream "app" in /etc/nginx/conf.d/api.conf:13
2022/02/07 12:59:50 [emerg] 1#1: host not found in upstream "app" in /etc/nginx/conf.d/api.conf:13
2022/02/07 13:00:56 [emerg] 1#1: host not found in upstream "app" in /etc/nginx/conf.d/api.conf:13
2022/02/07 13:02:02 [emerg] 1#1: host not found in upstream "app" in /etc/nginx/conf.d/api.conf:13
2022/02/07 13:03:09 [emerg] 1#1: host not found in upstream "app" in /etc/nginx/conf.d/api.conf:13
2022/02/07 13:04:15 [emerg] 1#1: host not found in upstream "app" in /etc/nginx/conf.d/api.conf:13
2022/02/07 13:05:21 [emerg] 1#1: host not found in upstream "app" in /etc/nginx/conf.d/api.conf:13
2022/02/07 13:06:28 [emerg] 1#1: host not found in upstream "app" in /etc/nginx/conf.d/api.conf:13
2022/02/07 13:07:34 [emerg] 1#1: host not found in upstream "app" in /etc/nginx/conf.d/api.conf:13
2022/02/07 13:08:40 [emerg] 1#1: host not found in upstream "app" in /etc/nginx/conf.d/api.conf:13
2022/02/07 13:09:47 [emerg] 1#1: host not found in upstream "app" in /etc/nginx/conf.d/api.conf:13
2022/02/07 13:10:52 [emerg] 1#1: host not found in upstream "app" in /etc/nginx/conf.d/api.conf:13
2022/02/07 13:11:59 [emerg] 1#1: host not found in upstream "app" in /etc/nginx/conf.d/api.conf:13
2022/02/07 13:13:05 [emerg] 1#1: host not found in upstream "app" in /etc/nginx/conf.d/api.conf:13
2022/02/07 13:14:11 [emerg] 1#1: host not found in upstream "app" in /etc/nginx/conf.d/api.conf:13
2022/02/07 13:15:18 [emerg] 1#1: host not found in upstream "app" in /etc/nginx/conf.d/api.conf:13
2022/02/07 13:16:24 [emerg] 1#1: host not found in upstream "app" in /etc/nginx/conf.d/api.conf:13
2022/02/07 13:17:30 [emerg] 1#1: host not found in upstream "app" in /etc/nginx/conf.d/api.conf:13
2022/02/07 13:18:36 [emerg] 1#1: host not found in upstream "app" in /etc/nginx/conf.d/api.conf:13
2022/02/07 13:19:42 [emerg] 1#1: host not found in upstream "app" in /etc/nginx/conf.d/api.conf:13
2022/02/07 13:20:49 [emerg] 1#1: host not found in upstream "app" in /etc/nginx/conf.d/api.conf:13
2022/02/07 13:21:55 [emerg] 1#1: host not found in upstream "app" in /etc/nginx/conf.d/api.conf:13
2022/02/07 13:23:01 [emerg] 1#1: host not found in upstream "app" in /etc/nginx/conf.d/api.conf:13
2022/02/07 13:24:07 [emerg] 1#1: host not found in upstream "app" in /etc/nginx/conf.d/api.conf:13
2022/02/07 13:25:14 [emerg] 1#1: host not found in upstream "app" in /etc/nginx/conf.d/api.conf:13
2022/02/07 13:26:21 [emerg] 1#1: host not found in upstream "app" in /etc/nginx/conf.d/api.conf:13
2022/02/07 13:27:27 [emerg] 1#1: host not found in upstream "app" in /etc/nginx/conf.d/api.conf:13
2022/02/07 13:28:33 [emerg] 1#1: host not found in upstream "app" in /etc/nginx/conf.d/api.conf:13
2022/02/07 13:29:39 [emerg] 1#1: host not found in upstream "app" in /etc/nginx/conf.d/api.conf:13
2022/02/07 13:30:46 [emerg] 1#1: host not found in upstream "app" in /etc/nginx/conf.d/api.conf:13
2022/02/07 13:31:52 [emerg] 1#1: host not found in upstream "app" in /etc/nginx/conf.d/api.conf:13
2022/02/07 13:32:58 [emerg] 1#1: host not found in upstream "app" in /etc/nginx/conf.d/api.conf:13
2022/02/07 13:34:05 [emerg] 1#1: host not found in upstream "app" in /etc/nginx/conf.d/api.conf:13
2022/02/07 13:35:11 [emerg] 1#1: host not found in upstream "app" in /etc/nginx/conf.d/api.conf:13
2022/02/07 13:36:17 [emerg] 1#1: host not found in upstream "app" in /etc/nginx/conf.d/api.conf:13
2022/02/07 13:41:02 [emerg] 1#1: host not found in upstream "app" in /etc/nginx/conf.d/api.conf:13
2022/02/07 13:42:06 [emerg] 1#1: host not found in upstream "app" in /etc/nginx/conf.d/api.conf:13
2022/02/07 13:43:12 [emerg] 1#1: host not found in upstream "app" in /etc/nginx/conf.d/api.conf:13
2022/02/07 13:44:18 [emerg] 1#1: host not found in upstream "app" in /etc/nginx/conf.d/api.conf:13
2022/02/07 13:45:23 [emerg] 1#1: host not found in upstream "app" in /etc/nginx/conf.d/api.conf:13
2022/02/07 13:46:29 [emerg] 1#1: host not found in upstream "app" in /etc/nginx/conf.d/api.conf:13
2022/02/07 13:47:35 [emerg] 1#1: host not found in upstream "app" in /etc/nginx/conf.d/api.conf:13
2022/02/07 13:48:41 [emerg] 1#1: host not found in upstream "app" in /etc/nginx/conf.d/api.conf:13
2022/02/07 13:49:47 [emerg] 1#1: host not found in upstream "app" in /etc/nginx/conf.d/api.conf:13
2022/02/07 13:50:53 [emerg] 1#1: host not found in upstream "app" in /etc/nginx/conf.d/api.conf:13
2022/02/07 13:52:00 [emerg] 1#1: host not found in upstream "app" in /etc/nginx/conf.d/api.conf:13
2022/02/07 13:53:06 [emerg] 1#1: host not found in upstream "app" in /etc/nginx/conf.d/api.conf:13
2022/02/07 13:54:12 [emerg] 1#1: host not found in upstream "app" in /etc/nginx/conf.d/api.conf:13
2022/02/07 13:55:17 [emerg] 1#1: host not found in upstream "app" in /etc/nginx/conf.d/api.conf:13
2022/02/07 13:56:23 [emerg] 1#1: host not found in upstream "app" in /etc/nginx/conf.d/api.conf:13
2022/02/07 13:57:29 [emerg] 1#1: host not found in upstream "app" in /etc/nginx/conf.d/api.conf:13
2022/02/07 13:58:29 [emerg] 1#1: host not found in upstream "app" in /etc/nginx/conf.d/api.conf:13
2022/02/07 13:58:35 [emerg] 1#1: host not found in upstream "app" in /etc/nginx/conf.d/api.conf:13
2022/02/07 13:58:42 [emerg] 1#1: host not found in upstream "app" in /etc/nginx/conf.d/api.conf:13
2022/02/07 13:58:48 [emerg] 1#1: host not found in upstream "app" in /etc/nginx/conf.d/api.conf:13
2022/02/07 13:58:56 [emerg] 1#1: host not found in upstream "app" in /etc/nginx/conf.d/api.conf:13
2022/02/07 13:59:03 [emerg] 1#1: host not found in upstream "app" in /etc/nginx/conf.d/api.conf:13
2022/02/07 13:59:12 [emerg] 1#1: host not found in upstream "app" in /etc/nginx/conf.d/api.conf:13
2022/02/07 13:59:24 [emerg] 1#1: host not found in upstream "app" in /etc/nginx/conf.d/api.conf:13
2022/02/07 13:59:43 [emerg] 1#1: host not found in upstream "app" in /etc/nginx/conf.d/api.conf:13
2022/02/07 14:00:14 [emerg] 1#1: host not found in upstream "app" in /etc/nginx/conf.d/api.conf:13
2022/02/07 14:00:37 [emerg] 1#1: host not found in upstream "app" in /etc/nginx/conf.d/api.conf:13
2022/02/07 14:00:43 [emerg] 1#1: host not found in upstream "app" in /etc/nginx/conf.d/api.conf:13
2022/02/07 14:00:50 [emerg] 1#1: host not found in upstream "app" in /etc/nginx/conf.d/api.conf:13
2022/02/07 14:00:56 [emerg] 1#1: host not found in upstream "app" in /etc/nginx/conf.d/api.conf:13
2022/02/07 14:01:03 [emerg] 1#1: host not found in upstream "app" in /etc/nginx/conf.d/api.conf:13
2022/02/07 14:01:11 [emerg] 1#1: host not found in upstream "app" in /etc/nginx/conf.d/api.conf:13
2022/02/07 14:01:20 [emerg] 1#1: host not found in upstream "app" in /etc/nginx/conf.d/api.conf:13
2022/02/07 14:01:32 [emerg] 1#1: host not found in upstream "app" in /etc/nginx/conf.d/api.conf:13
2022/02/07 14:01:51 [emerg] 1#1: host not found in upstream "app" in /etc/nginx/conf.d/api.conf:13
2022/02/07 14:02:35 [emerg] 1#1: host not found in upstream "app" in /etc/nginx/conf.d/api.conf:13
2022/02/07 14:02:41 [emerg] 1#1: host not found in upstream "app" in /etc/nginx/conf.d/api.conf:13
2022/02/07 14:02:47 [emerg] 1#1: host not found in upstream "app" in /etc/nginx/conf.d/api.conf:13
2022/02/07 14:02:53 [emerg] 1#1: host not found in upstream "app" in /etc/nginx/conf.d/api.conf:13
2022/02/07 14:03:00 [emerg] 1#1: host not found in upstream "app" in /etc/nginx/conf.d/api.conf:13
2022/02/07 14:03:07 [emerg] 1#1: host not found in upstream "app" in /etc/nginx/conf.d/api.conf:13
2022/02/07 14:03:17 [emerg] 1#1: host not found in upstream "app" in /etc/nginx/conf.d/api.conf:13
2022/02/07 14:03:29 [emerg] 1#1: host not found in upstream "app" in /etc/nginx/conf.d/api.conf:13
2022/02/07 14:03:47 [emerg] 1#1: host not found in upstream "app" in /etc/nginx/conf.d/api.conf:13
2022/02/07 14:04:19 [emerg] 1#1: host not found in upstream "app" in /etc/nginx/conf.d/api.conf:13
2022/02/07 14:05:16 [emerg] 1#1: host not found in upstream "app" in /etc/nginx/conf.d/api.conf:13
2022/02/07 14:06:21 [emerg] 1#1: host not found in upstream "app" in /etc/nginx/conf.d/api.conf:13
2022/02/07 14:07:27 [emerg] 1#1: host not found in upstream "app" in /etc/nginx/conf.d/api.conf:13
2022/02/07 14:10:26 [emerg] 1#1: host not found in upstream "app" in /etc/nginx/conf.d/api.conf:13
2022/02/07 14:10:32 [emerg] 1#1: host not found in upstream "app" in /etc/nginx/conf.d/api.conf:13
2022/02/07 14:10:38 [emerg] 1#1: host not found in upstream "app" in /etc/nginx/conf.d/api.conf:13
2022/02/07 14:10:44 [emerg] 1#1: host not found in upstream "app" in /etc/nginx/conf.d/api.conf:13
2022/02/07 14:10:51 [emerg] 1#1: host not found in upstream "app" in /etc/nginx/conf.d/api.conf:13
2022/02/07 14:10:59 [emerg] 1#1: host not found in upstream "app" in /etc/nginx/conf.d/api.conf:13
2022/02/07 14:11:08 [emerg] 1#1: host not found in upstream "app" in /etc/nginx/conf.d/api.conf:13
2022/02/07 14:11:21 [emerg] 1#1: host not found in upstream "app" in /etc/nginx/conf.d/api.conf:13
2022/02/07 14:11:39 [emerg] 1#1: host not found in upstream "app" in /etc/nginx/conf.d/api.conf:13
2022/02/07 14:12:11 [emerg] 1#1: host not found in upstream "app" in /etc/nginx/conf.d/api.conf:13
2022/02/07 14:13:08 [emerg] 1#1: host not found in upstream "app" in /etc/nginx/conf.d/api.conf:13
2022/02/07 14:14:14 [emerg] 1#1: host not found in upstream "app" in /etc/nginx/conf.d/api.conf:13
2022/02/07 14:15:20 [emerg] 1#1: host not found in upstream "app" in /etc/nginx/conf.d/api.conf:13
2022/02/07 14:16:11 [emerg] 1#1: host not found in upstream "app" in /etc/nginx/conf.d/api.conf:13
2022/02/07 14:16:17 [emerg] 1#1: host not found in upstream "app" in /etc/nginx/conf.d/api.conf:13
2022/02/07 14:16:23 [emerg] 1#1: host not found in upstream "app" in /etc/nginx/conf.d/api.conf:13
2022/02/07 14:16:29 [emerg] 1#1: host not found in upstream "app" in /etc/nginx/conf.d/api.conf:13
2022/02/07 14:16:36 [emerg] 1#1: host not found in upstream "app" in /etc/nginx/conf.d/api.conf:13
2022/02/07 14:16:43 [emerg] 1#1: host not found in upstream "app" in /etc/nginx/conf.d/api.conf:13
2022/02/07 14:17:58 [emerg] 1#1: host not found in upstream "app" in /etc/nginx/conf.d/api.conf:13
2022/02/07 14:18:04 [emerg] 1#1: host not found in upstream "app" in /etc/nginx/conf.d/api.conf:13
2022/02/07 14:18:10 [emerg] 1#1: host not found in upstream "app" in /etc/nginx/conf.d/api.conf:13
2022/02/07 14:18:17 [emerg] 1#1: host not found in upstream "app" in /etc/nginx/conf.d/api.conf:13
2022/02/07 14:18:23 [emerg] 1#1: host not found in upstream "app" in /etc/nginx/conf.d/api.conf:13
2022/02/07 14:18:31 [emerg] 1#1: host not found in upstream "app" in /etc/nginx/conf.d/api.conf:13
2022/02/07 14:18:40 [emerg] 1#1: host not found in upstream "app" in /etc/nginx/conf.d/api.conf:13
2022/02/07 14:18:52 [emerg] 1#1: host not found in upstream "app" in /etc/nginx/conf.d/api.conf:13
2022/02/07 14:19:11 [emerg] 1#1: host not found in upstream "app" in /etc/nginx/conf.d/api.conf:13
2022/02/07 14:19:42 [emerg] 1#1: host not found in upstream "app" in /etc/nginx/conf.d/api.conf:13
2022/02/07 14:20:39 [emerg] 1#1: host not found in upstream "app" in /etc/nginx/conf.d/api.conf:13
2022/02/07 14:20:57 [emerg] 1#1: host not found in upstream "app" in /etc/nginx/conf.d/api.conf:13
2022/02/07 14:21:03 [emerg] 1#1: host not found in upstream "app" in /etc/nginx/conf.d/api.conf:13
2022/02/07 14:21:09 [emerg] 1#1: host not found in upstream "app" in /etc/nginx/conf.d/api.conf:13
2022/02/07 14:21:15 [emerg] 1#1: host not found in upstream "app" in /etc/nginx/conf.d/api.conf:13
2022/02/07 14:21:22 [emerg] 1#1: host not found in upstream "app" in /etc/nginx/conf.d/api.conf:13
2022/02/07 14:21:29 [emerg] 1#1: host not found in upstream "app" in /etc/nginx/conf.d/api.conf:13
2022/02/07 14:21:38 [notice] 1#1: using the "epoll" event method
2022/02/07 14:21:38 [notice] 1#1: nginx/1.21.6
2022/02/07 14:21:38 [notice] 1#1: built by gcc 10.2.1 20210110 (Debian 10.2.1-6) 
2022/02/07 14:21:38 [notice] 1#1: OS: Linux 4.19.128-microsoft-standard
2022/02/07 14:21:38 [notice] 1#1: getrlimit(RLIMIT_NOFILE): 1048576:1048576
2022/02/07 14:21:38 [notice] 1#1: start worker processes
2022/02/07 14:21:38 [notice] 1#1: start worker process 25
2022/02/07 14:21:38 [notice] 1#1: start worker process 26
2022/02/07 14:21:38 [notice] 1#1: start worker process 27
2022/02/07 14:21:38 [notice] 1#1: start worker process 28
2022/02/07 14:21:41 [notice] 1#1: signal 3 (SIGQUIT) received, shutting down
2022/02/07 14:21:41 [notice] 25#25: gracefully shutting down
2022/02/07 14:21:41 [notice] 25#25: exiting
2022/02/07 14:21:41 [notice] 26#26: gracefully shutting down
2022/02/07 14:21:41 [notice] 26#26: exiting
2022/02/07 14:21:41 [notice] 27#27: gracefully shutting down
2022/02/07 14:21:41 [notice] 28#28: gracefully shutting down
2022/02/07 14:21:41 [notice] 25#25: exit
2022/02/07 14:21:41 [notice] 26#26: exit
2022/02/07 14:21:41 [notice] 27#27: exiting
2022/02/07 14:21:41 [notice] 28#28: exiting
2022/02/07 14:21:41 [notice] 27#27: exit
2022/02/07 14:21:41 [notice] 28#28: exit
2022/02/07 14:21:41 [notice] 1#1: signal 17 (SIGCHLD) received from 27
2022/02/07 14:21:41 [notice] 1#1: worker process 25 exited with code 0
2022/02/07 14:21:41 [notice] 1#1: worker process 26 exited with code 0
2022/02/07 14:21:41 [notice] 1#1: worker process 27 exited with code 0
2022/02/07 14:21:41 [notice] 1#1: worker process 28 exited with code 0
2022/02/07 14:21:41 [notice] 1#1: exit
2022/02/07 14:21:54 [notice] 1#1: using the "epoll" event method
2022/02/07 14:21:54 [notice] 1#1: nginx/1.21.6
2022/02/07 14:21:54 [notice] 1#1: built by gcc 10.2.1 20210110 (Debian 10.2.1-6) 
2022/02/07 14:21:54 [notice] 1#1: OS: Linux 4.19.128-microsoft-standard
2022/02/07 14:21:54 [notice] 1#1: getrlimit(RLIMIT_NOFILE): 1048576:1048576
2022/02/07 14:21:54 [notice] 1#1: start worker processes
2022/02/07 14:21:54 [notice] 1#1: start worker process 25
2022/02/07 14:21:54 [notice] 1#1: start worker process 26
2022/02/07 14:21:54 [notice] 1#1: start worker process 27
2022/02/07 14:21:54 [notice] 1#1: start worker process 28
2022/02/07 14:51:46 [notice] 1#1: signal 3 (SIGQUIT) received, shutting down
2022/02/07 14:51:46 [notice] 25#25: gracefully shutting down
2022/02/07 14:51:46 [notice] 27#27: gracefully shutting down
2022/02/07 14:51:46 [notice] 26#26: gracefully shutting down
2022/02/07 14:51:46 [notice] 27#27: exiting
2022/02/07 14:51:46 [notice] 26#26: exiting
2022/02/07 14:51:46 [notice] 28#28: gracefully shutting down
2022/02/07 14:51:46 [notice] 27#27: exit
2022/02/07 14:51:46 [notice] 28#28: exiting
2022/02/07 14:51:46 [notice] 25#25: exiting
2022/02/07 14:51:46 [notice] 26#26: exit
2022/02/07 14:51:46 [notice] 28#28: exit
2022/02/07 14:51:46 [notice] 25#25: exit
2022/02/07 14:51:46 [notice] 1#1: signal 17 (SIGCHLD) received from 27
2022/02/07 14:51:46 [notice] 1#1: worker process 26 exited with code 0
2022/02/07 14:51:46 [notice] 1#1: worker process 27 exited with code 0
2022/02/07 14:51:46 [notice] 1#1: worker process 28 exited with code 0
2022/02/07 14:51:46 [notice] 1#1: signal 29 (SIGIO) received
2022/02/07 14:51:46 [notice] 1#1: signal 17 (SIGCHLD) received from 28
2022/02/07 14:51:46 [notice] 1#1: signal 17 (SIGCHLD) received from 25
2022/02/07 14:51:46 [notice] 1#1: worker process 25 exited with code 0
2022/02/07 14:51:46 [notice] 1#1: exit
2022/02/07 14:52:26 [notice] 1#1: using the "epoll" event method
2022/02/07 14:52:26 [notice] 1#1: nginx/1.21.6
2022/02/07 14:52:26 [notice] 1#1: built by gcc 10.2.1 20210110 (Debian 10.2.1-6) 
2022/02/07 14:52:26 [notice] 1#1: OS: Linux 4.19.128-microsoft-standard
2022/02/07 14:52:26 [notice] 1#1: getrlimit(RLIMIT_NOFILE): 1048576:1048576
2022/02/07 14:52:26 [notice] 1#1: start worker processes
2022/02/07 14:52:26 [notice] 1#1: start worker process 33
2022/02/07 14:52:26 [notice] 1#1: start worker process 34
2022/02/07 14:52:26 [notice] 1#1: start worker process 35
2022/02/07 14:52:26 [notice] 1#1: start worker process 36
2022/02/07 14:54:34 [notice] 1#1: signal 3 (SIGQUIT) received, shutting down
2022/02/07 14:54:34 [notice] 33#33: gracefully shutting down
2022/02/07 14:54:34 [notice] 34#34: gracefully shutting down
2022/02/07 14:54:34 [notice] 34#34: exiting
2022/02/07 14:54:34 [notice] 36#36: gracefully shutting down
2022/02/07 14:54:34 [notice] 35#35: gracefully shutting down
2022/02/07 14:54:34 [notice] 33#33: exiting
2022/02/07 14:54:34 [notice] 34#34: exit
2022/02/07 14:54:34 [notice] 36#36: exiting
2022/02/07 14:54:34 [notice] 35#35: exiting
2022/02/07 14:54:34 [notice] 33#33: exit
2022/02/07 14:54:34 [notice] 36#36: exit
2022/02/07 14:54:34 [notice] 35#35: exit
2022/02/07 14:54:34 [notice] 1#1: signal 17 (SIGCHLD) received from 33
2022/02/07 14:54:34 [notice] 1#1: worker process 33 exited with code 0
2022/02/07 14:54:34 [notice] 1#1: worker process 36 exited with code 0
2022/02/07 14:54:34 [notice] 1#1: signal 29 (SIGIO) received
2022/02/07 14:54:34 [notice] 1#1: signal 17 (SIGCHLD) received from 34
2022/02/07 14:54:34 [notice] 1#1: worker process 34 exited with code 0
2022/02/07 14:54:34 [notice] 1#1: worker process 35 exited with code 0
2022/02/07 14:54:34 [notice] 1#1: exit
2022/02/07 14:55:02 [notice] 1#1: using the "epoll" event method
2022/02/07 14:55:02 [notice] 1#1: nginx/1.21.6
2022/02/07 14:55:02 [notice] 1#1: built by gcc 10.2.1 20210110 (Debian 10.2.1-6) 
2022/02/07 14:55:02 [notice] 1#1: OS: Linux 4.19.128-microsoft-standard
2022/02/07 14:55:02 [notice] 1#1: getrlimit(RLIMIT_NOFILE): 1048576:1048576
2022/02/07 14:55:02 [notice] 1#1: start worker processes
2022/02/07 14:55:02 [notice] 1#1: start worker process 32
2022/02/07 14:55:02 [notice] 1#1: start worker process 33
2022/02/07 14:55:02 [notice] 1#1: start worker process 34
2022/02/07 14:55:02 [notice] 1#1: start worker process 35
2022/02/15 08:17:20 [notice] 1#1: signal 3 (SIGQUIT) received, shutting down
2022/02/15 08:17:20 [notice] 32#32: gracefully shutting down
2022/02/15 08:17:20 [notice] 34#34: gracefully shutting down
2022/02/15 08:17:20 [notice] 35#35: gracefully shutting down
2022/02/15 08:17:20 [notice] 33#33: gracefully shutting down
2022/02/15 08:17:20 [notice] 34#34: exiting
2022/02/15 08:17:20 [notice] 32#32: exiting
2022/02/15 08:17:20 [notice] 35#35: exiting
2022/02/15 08:17:20 [notice] 33#33: exiting
2022/02/15 08:17:20 [notice] 35#35: exit
2022/02/15 08:17:20 [notice] 32#32: exit
2022/02/15 08:17:20 [notice] 34#34: exit
2022/02/15 08:17:20 [notice] 33#33: exit
2022/02/15 08:17:21 [notice] 1#1: signal 17 (SIGCHLD) received from 34
2022/02/15 08:17:21 [notice] 1#1: worker process 34 exited with code 0
2022/02/15 08:17:21 [notice] 1#1: signal 29 (SIGIO) received
2022/02/15 08:17:21 [notice] 1#1: signal 17 (SIGCHLD) received from 35
2022/02/15 08:17:21 [notice] 1#1: worker process 32 exited with code 0
2022/02/15 08:17:21 [notice] 1#1: worker process 33 exited with code 0
2022/02/15 08:17:21 [notice] 1#1: worker process 35 exited with code 0
2022/02/15 08:17:21 [notice] 1#1: exit
2022/02/15 08:19:44 [notice] 1#1: using the "epoll" event method
2022/02/15 08:19:44 [notice] 1#1: nginx/1.21.6
2022/02/15 08:19:44 [notice] 1#1: built by gcc 10.2.1 20210110 (Debian 10.2.1-6) 
2022/02/15 08:19:44 [notice] 1#1: OS: Linux 4.19.128-microsoft-standard
2022/02/15 08:19:44 [notice] 1#1: getrlimit(RLIMIT_NOFILE): 1048576:1048576
2022/02/15 08:19:44 [notice] 1#1: start worker processes
2022/02/15 08:19:44 [notice] 1#1: start worker process 24
2022/02/15 08:19:44 [notice] 1#1: start worker process 25
2022/02/15 08:19:44 [notice] 1#1: start worker process 26
2022/02/15 08:19:44 [notice] 1#1: start worker process 27
2022/02/19 17:04:32 [notice] 1#1: using the "epoll" event method
2022/02/19 17:04:32 [notice] 1#1: nginx/1.21.6
2022/02/19 17:04:32 [notice] 1#1: built by gcc 10.2.1 20210110 (Debian 10.2.1-6) 
2022/02/19 17:04:32 [notice] 1#1: OS: Linux 4.19.128-microsoft-standard
2022/02/19 17:04:32 [notice] 1#1: getrlimit(RLIMIT_NOFILE): 1048576:1048576
2022/02/19 17:04:32 [notice] 1#1: start worker processes
2022/02/19 17:04:32 [notice] 1#1: start worker process 32
2022/02/19 17:04:32 [notice] 1#1: start worker process 33
2022/02/19 17:04:32 [notice] 1#1: start worker process 34
2022/02/19 17:04:32 [notice] 1#1: start worker process 35
2022/02/19 19:39:22 [notice] 1#1: signal 3 (SIGQUIT) received, shutting down
2022/02/19 19:39:22 [notice] 33#33: gracefully shutting down
2022/02/19 19:39:22 [notice] 32#32: gracefully shutting down
2022/02/19 19:39:22 [notice] 34#34: gracefully shutting down
2022/02/19 19:39:22 [notice] 35#35: gracefully shutting down
2022/02/19 19:39:22 [notice] 34#34: exiting
2022/02/19 19:39:22 [notice] 33#33: exiting
2022/02/19 19:39:22 [notice] 32#32: exiting
2022/02/19 19:39:22 [notice] 35#35: exiting
2022/02/19 19:39:22 [notice] 33#33: exit
2022/02/19 19:39:22 [notice] 35#35: exit
2022/02/19 19:39:22 [notice] 34#34: exit
2022/02/19 19:39:22 [notice] 32#32: exit
2022/02/19 19:39:22 [notice] 1#1: signal 17 (SIGCHLD) received from 33
2022/02/19 19:39:22 [notice] 1#1: worker process 32 exited with code 0
2022/02/19 19:39:22 [notice] 1#1: worker process 33 exited with code 0
2022/02/19 19:39:22 [notice] 1#1: worker process 35 exited with code 0
2022/02/19 19:39:22 [notice] 1#1: signal 29 (SIGIO) received
2022/02/19 19:39:22 [notice] 1#1: signal 17 (SIGCHLD) received from 35
2022/02/19 19:39:22 [notice] 1#1: signal 17 (SIGCHLD) received from 34
2022/02/19 19:39:22 [notice] 1#1: worker process 34 exited with code 0
2022/02/19 19:39:22 [notice] 1#1: exit
2022/02/19 19:40:20 [notice] 1#1: using the "epoll" event method
2022/02/19 19:40:20 [notice] 1#1: nginx/1.21.6
2022/02/19 19:40:20 [notice] 1#1: built by gcc 10.2.1 20210110 (Debian 10.2.1-6) 
2022/02/19 19:40:20 [notice] 1#1: OS: Linux 4.19.128-microsoft-standard
2022/02/19 19:40:20 [notice] 1#1: getrlimit(RLIMIT_NOFILE): 1048576:1048576
2022/02/19 19:40:20 [notice] 1#1: start worker processes
2022/02/19 19:40:20 [notice] 1#1: start worker process 32
2022/02/19 19:40:20 [notice] 1#1: start worker process 33
2022/02/19 19:40:20 [notice] 1#1: start worker process 34
2022/02/19 19:40:20 [notice] 1#1: start worker process 35
2022/02/19 19:40:49 [notice] 1#1: signal 3 (SIGQUIT) received, shutting down
2022/02/19 19:40:49 [notice] 32#32: gracefully shutting down
2022/02/19 19:40:49 [notice] 33#33: gracefully shutting down
2022/02/19 19:40:49 [notice] 33#33: exiting
2022/02/19 19:40:49 [notice] 35#35: gracefully shutting down
2022/02/19 19:40:49 [notice] 35#35: exiting
2022/02/19 19:40:49 [notice] 34#34: gracefully shutting down
2022/02/19 19:40:49 [notice] 32#32: exiting
2022/02/19 19:40:49 [notice] 33#33: exit
2022/02/19 19:40:49 [notice] 35#35: exit
2022/02/19 19:40:49 [notice] 34#34: exiting
2022/02/19 19:40:49 [notice] 34#34: exit
2022/02/19 19:40:49 [notice] 32#32: exit
2022/02/19 19:40:49 [notice] 1#1: signal 17 (SIGCHLD) received from 35
2022/02/19 19:40:49 [notice] 1#1: worker process 32 exited with code 0
2022/02/19 19:40:49 [notice] 1#1: worker process 33 exited with code 0
2022/02/19 19:40:49 [notice] 1#1: worker process 34 exited with code 0
2022/02/19 19:40:49 [notice] 1#1: worker process 35 exited with code 0
2022/02/19 19:40:49 [notice] 1#1: exit
2022/02/19 19:41:43 [notice] 1#1: using the "epoll" event method
2022/02/19 19:41:43 [notice] 1#1: nginx/1.21.6
2022/02/19 19:41:43 [notice] 1#1: built by gcc 10.2.1 20210110 (Debian 10.2.1-6) 
2022/02/19 19:41:43 [notice] 1#1: OS: Linux 4.19.128-microsoft-standard
2022/02/19 19:41:43 [notice] 1#1: getrlimit(RLIMIT_NOFILE): 1048576:1048576
2022/02/19 19:41:43 [notice] 1#1: start worker processes
2022/02/19 19:41:43 [notice] 1#1: start worker process 33
2022/02/19 19:41:43 [notice] 1#1: start worker process 34
2022/02/19 19:41:43 [notice] 1#1: start worker process 35
2022/02/19 19:41:43 [notice] 1#1: start worker process 36
2022/02/19 19:44:21 [notice] 1#1: signal 3 (SIGQUIT) received, shutting down
2022/02/19 19:44:21 [notice] 33#33: gracefully shutting down
2022/02/19 19:44:21 [notice] 33#33: exiting
2022/02/19 19:44:21 [notice] 34#34: gracefully shutting down
2022/02/19 19:44:21 [notice] 34#34: exiting
2022/02/19 19:44:21 [notice] 36#36: gracefully shutting down
2022/02/19 19:44:21 [notice] 35#35: gracefully shutting down
2022/02/19 19:44:21 [notice] 33#33: exit
2022/02/19 19:44:21 [notice] 34#34: exit
2022/02/19 19:44:21 [notice] 36#36: exiting
2022/02/19 19:44:21 [notice] 35#35: exiting
2022/02/19 19:44:21 [notice] 36#36: exit
2022/02/19 19:44:21 [notice] 35#35: exit
2022/02/19 19:44:21 [notice] 1#1: signal 17 (SIGCHLD) received from 36
2022/02/19 19:44:21 [notice] 1#1: worker process 33 exited with code 0
2022/02/19 19:44:21 [notice] 1#1: worker process 35 exited with code 0
2022/02/19 19:44:21 [notice] 1#1: worker process 36 exited with code 0
2022/02/19 19:44:21 [notice] 1#1: signal 29 (SIGIO) received
2022/02/19 19:44:21 [notice] 1#1: signal 17 (SIGCHLD) received from 34
2022/02/19 19:44:21 [notice] 1#1: worker process 34 exited with code 0
2022/02/19 19:44:21 [notice] 1#1: exit
2022/02/19 19:44:47 [notice] 1#1: using the "epoll" event method
2022/02/19 19:44:47 [notice] 1#1: nginx/1.21.6
2022/02/19 19:44:47 [notice] 1#1: built by gcc 10.2.1 20210110 (Debian 10.2.1-6) 
2022/02/19 19:44:47 [notice] 1#1: OS: Linux 4.19.128-microsoft-standard
2022/02/19 19:44:47 [notice] 1#1: getrlimit(RLIMIT_NOFILE): 1048576:1048576
2022/02/19 19:44:47 [notice] 1#1: start worker processes
2022/02/19 19:44:47 [notice] 1#1: start worker process 33
2022/02/19 19:44:47 [notice] 1#1: start worker process 34
2022/02/19 19:44:47 [notice] 1#1: start worker process 35
2022/02/19 19:44:47 [notice] 1#1: start worker process 36
2022/02/19 19:45:37 [notice] 1#1: signal 3 (SIGQUIT) received, shutting down
2022/02/19 19:45:37 [notice] 34#34: gracefully shutting down
2022/02/19 19:45:37 [notice] 33#33: gracefully shutting down
2022/02/19 19:45:37 [notice] 35#35: gracefully shutting down
2022/02/19 19:45:37 [notice] 36#36: gracefully shutting down
2022/02/19 19:45:37 [notice] 34#34: exiting
2022/02/19 19:45:37 [notice] 34#34: exit
2022/02/19 19:45:37 [notice] 33#33: exiting
2022/02/19 19:45:37 [notice] 35#35: exiting
2022/02/19 19:45:37 [notice] 36#36: exiting
2022/02/19 19:45:37 [notice] 33#33: exit
2022/02/19 19:45:37 [notice] 35#35: exit
2022/02/19 19:45:37 [notice] 36#36: exit
2022/02/19 19:45:37 [notice] 1#1: signal 17 (SIGCHLD) received from 36
2022/02/19 19:45:37 [notice] 1#1: worker process 33 exited with code 0
2022/02/19 19:45:37 [notice] 1#1: worker process 34 exited with code 0
2022/02/19 19:45:37 [notice] 1#1: worker process 35 exited with code 0
2022/02/19 19:45:37 [notice] 1#1: worker process 36 exited with code 0
2022/02/19 19:45:37 [notice] 1#1: exit
2022/02/19 19:47:19 [notice] 1#1: using the "epoll" event method
2022/02/19 19:47:19 [notice] 1#1: nginx/1.21.6
2022/02/19 19:47:19 [notice] 1#1: built by gcc 10.2.1 20210110 (Debian 10.2.1-6) 
2022/02/19 19:47:19 [notice] 1#1: OS: Linux 4.19.128-microsoft-standard
2022/02/19 19:47:19 [notice] 1#1: getrlimit(RLIMIT_NOFILE): 1048576:1048576
2022/02/19 19:47:19 [notice] 1#1: start worker processes
2022/02/19 19:47:19 [notice] 1#1: start worker process 32
2022/02/19 19:47:19 [notice] 1#1: start worker process 33
2022/02/19 19:47:19 [notice] 1#1: start worker process 34
2022/02/19 19:47:19 [notice] 1#1: start worker process 35
2022/02/19 19:49:42 [notice] 1#1: signal 3 (SIGQUIT) received, shutting down
2022/02/19 19:49:42 [notice] 32#32: gracefully shutting down
2022/02/19 19:49:42 [notice] 33#33: gracefully shutting down
2022/02/19 19:49:42 [notice] 35#35: gracefully shutting down
2022/02/19 19:49:42 [notice] 35#35: exiting
2022/02/19 19:49:42 [notice] 34#34: gracefully shutting down
2022/02/19 19:49:42 [notice] 32#32: exiting
2022/02/19 19:49:42 [notice] 33#33: exiting
2022/02/19 19:49:42 [notice] 35#35: exit
2022/02/19 19:49:42 [notice] 34#34: exiting
2022/02/19 19:49:42 [notice] 32#32: exit
2022/02/19 19:49:42 [notice] 33#33: exit
2022/02/19 19:49:42 [notice] 34#34: exit
2022/02/19 19:49:42 [notice] 1#1: signal 17 (SIGCHLD) received from 34
2022/02/19 19:49:42 [notice] 1#1: worker process 33 exited with code 0
2022/02/19 19:49:42 [notice] 1#1: worker process 34 exited with code 0
2022/02/19 19:49:42 [notice] 1#1: worker process 35 exited with code 0
2022/02/19 19:49:42 [notice] 1#1: signal 29 (SIGIO) received
2022/02/19 19:49:42 [notice] 1#1: signal 17 (SIGCHLD) received from 32
2022/02/19 19:49:42 [notice] 1#1: worker process 32 exited with code 0
2022/02/19 19:49:42 [notice] 1#1: exit
2022/02/19 19:51:22 [notice] 1#1: using the "epoll" event method
2022/02/19 19:51:22 [notice] 1#1: nginx/1.21.6
2022/02/19 19:51:22 [notice] 1#1: built by gcc 10.2.1 20210110 (Debian 10.2.1-6) 
2022/02/19 19:51:22 [notice] 1#1: OS: Linux 4.19.128-microsoft-standard
2022/02/19 19:51:22 [notice] 1#1: getrlimit(RLIMIT_NOFILE): 1048576:1048576
2022/02/19 19:51:22 [notice] 1#1: start worker processes
2022/02/19 19:51:22 [notice] 1#1: start worker process 31
2022/02/19 19:51:22 [notice] 1#1: start worker process 32
2022/02/19 19:51:22 [notice] 1#1: start worker process 33
2022/02/19 19:51:22 [notice] 1#1: start worker process 34
2022/02/19 19:55:51 [notice] 1#1: signal 3 (SIGQUIT) received, shutting down
2022/02/19 19:55:51 [notice] 31#31: gracefully shutting down
2022/02/19 19:55:51 [notice] 32#32: gracefully shutting down
2022/02/19 19:55:51 [notice] 33#33: gracefully shutting down
2022/02/19 19:55:51 [notice] 34#34: gracefully shutting down
2022/02/19 19:55:51 [notice] 31#31: exiting
2022/02/19 19:55:51 [notice] 31#31: exit
2022/02/19 19:55:51 [notice] 32#32: exiting
2022/02/19 19:55:51 [notice] 33#33: exiting
2022/02/19 19:55:51 [notice] 34#34: exiting
2022/02/19 19:55:51 [notice] 32#32: exit
2022/02/19 19:55:51 [notice] 33#33: exit
2022/02/19 19:55:51 [notice] 34#34: exit
2022/02/19 19:55:51 [notice] 1#1: signal 17 (SIGCHLD) received from 34
2022/02/19 19:55:51 [notice] 1#1: worker process 31 exited with code 0
2022/02/19 19:55:51 [notice] 1#1: worker process 32 exited with code 0
2022/02/19 19:55:51 [notice] 1#1: worker process 33 exited with code 0
2022/02/19 19:55:51 [notice] 1#1: worker process 34 exited with code 0
2022/02/19 19:55:51 [notice] 1#1: exit
2022/02/19 19:56:16 [notice] 1#1: using the "epoll" event method
2022/02/19 19:56:16 [notice] 1#1: nginx/1.21.6
2022/02/19 19:56:16 [notice] 1#1: built by gcc 10.2.1 20210110 (Debian 10.2.1-6) 
2022/02/19 19:56:16 [notice] 1#1: OS: Linux 4.19.128-microsoft-standard
2022/02/19 19:56:16 [notice] 1#1: getrlimit(RLIMIT_NOFILE): 1048576:1048576
2022/02/19 19:56:16 [notice] 1#1: start worker processes
2022/02/19 19:56:16 [notice] 1#1: start worker process 32
2022/02/19 19:56:16 [notice] 1#1: start worker process 33
2022/02/19 19:56:16 [notice] 1#1: start worker process 34
2022/02/19 19:56:16 [notice] 1#1: start worker process 35
2022/02/19 20:06:09 [notice] 1#1: signal 3 (SIGQUIT) received, shutting down
2022/02/19 20:06:09 [notice] 32#32: gracefully shutting down
2022/02/19 20:06:09 [notice] 33#33: gracefully shutting down
2022/02/19 20:06:09 [notice] 34#34: gracefully shutting down
2022/02/19 20:06:09 [notice] 34#34: exiting
2022/02/19 20:06:09 [notice] 35#35: gracefully shutting down
2022/02/19 20:06:09 [notice] 32#32: exiting
2022/02/19 20:06:09 [notice] 32#32: exit
2022/02/19 20:06:09 [notice] 33#33: exiting
2022/02/19 20:06:09 [notice] 34#34: exit
2022/02/19 20:06:09 [notice] 35#35: exiting
2022/02/19 20:06:09 [notice] 33#33: exit
2022/02/19 20:06:09 [notice] 35#35: exit
2022/02/19 20:06:09 [notice] 1#1: signal 17 (SIGCHLD) received from 33
2022/02/19 20:06:09 [notice] 1#1: worker process 33 exited with code 0
2022/02/19 20:06:09 [notice] 1#1: signal 29 (SIGIO) received
2022/02/19 20:06:09 [notice] 1#1: signal 17 (SIGCHLD) received from 35
2022/02/19 20:06:09 [notice] 1#1: worker process 35 exited with code 0
2022/02/19 20:06:09 [notice] 1#1: signal 29 (SIGIO) received
2022/02/19 20:06:09 [notice] 1#1: signal 17 (SIGCHLD) received from 32
2022/02/19 20:06:09 [notice] 1#1: worker process 32 exited with code 0
2022/02/19 20:06:09 [notice] 1#1: signal 29 (SIGIO) received
2022/02/19 20:06:09 [notice] 1#1: signal 17 (SIGCHLD) received from 34
2022/02/19 20:06:09 [notice] 1#1: worker process 34 exited with code 0
2022/02/19 20:06:09 [notice] 1#1: exit
2022/02/19 20:06:32 [notice] 1#1: using the "epoll" event method
2022/02/19 20:06:32 [notice] 1#1: nginx/1.21.6
2022/02/19 20:06:32 [notice] 1#1: built by gcc 10.2.1 20210110 (Debian 10.2.1-6) 
2022/02/19 20:06:32 [notice] 1#1: OS: Linux 4.19.128-microsoft-standard
2022/02/19 20:06:32 [notice] 1#1: getrlimit(RLIMIT_NOFILE): 1048576:1048576
2022/02/19 20:06:32 [notice] 1#1: start worker processes
2022/02/19 20:06:32 [notice] 1#1: start worker process 32
2022/02/19 20:06:32 [notice] 1#1: start worker process 33
2022/02/19 20:06:32 [notice] 1#1: start worker process 34
2022/02/19 20:06:32 [notice] 1#1: start worker process 35
2022/02/20 08:42:08 [notice] 1#1: signal 3 (SIGQUIT) received, shutting down
2022/02/20 08:42:08 [notice] 33#33: gracefully shutting down
2022/02/20 08:42:08 [notice] 32#32: gracefully shutting down
2022/02/20 08:42:08 [notice] 34#34: gracefully shutting down
2022/02/20 08:42:08 [notice] 33#33: exiting
2022/02/20 08:42:08 [notice] 35#35: gracefully shutting down
2022/02/20 08:42:08 [notice] 32#32: exiting
2022/02/20 08:42:08 [notice] 34#34: exiting
2022/02/20 08:42:08 [notice] 32#32: exit
2022/02/20 08:42:08 [notice] 33#33: exit
2022/02/20 08:42:08 [notice] 35#35: exiting
2022/02/20 08:42:08 [notice] 34#34: exit
2022/02/20 08:42:08 [notice] 35#35: exit
2022/02/20 08:42:08 [notice] 1#1: signal 17 (SIGCHLD) received from 33
2022/02/20 08:42:08 [notice] 1#1: worker process 32 exited with code 0
2022/02/20 08:42:08 [notice] 1#1: worker process 33 exited with code 0
2022/02/20 08:42:08 [notice] 1#1: worker process 34 exited with code 0
2022/02/20 08:42:08 [notice] 1#1: worker process 35 exited with code 0
2022/02/20 08:42:09 [notice] 1#1: exit
2022/02/20 08:48:52 [notice] 1#1: using the "epoll" event method
2022/02/20 08:48:52 [notice] 1#1: nginx/1.21.6
2022/02/20 08:48:52 [notice] 1#1: built by gcc 10.2.1 20210110 (Debian 10.2.1-6) 
2022/02/20 08:48:52 [notice] 1#1: OS: Linux 4.19.128-microsoft-standard
2022/02/20 08:48:52 [notice] 1#1: getrlimit(RLIMIT_NOFILE): 1048576:1048576
2022/02/20 08:48:52 [notice] 1#1: start worker processes
2022/02/20 08:48:52 [notice] 1#1: start worker process 32
2022/02/20 08:48:52 [notice] 1#1: start worker process 33
2022/02/20 08:48:52 [notice] 1#1: start worker process 34
2022/02/20 08:48:52 [notice] 1#1: start worker process 35
2022/02/20 08:50:08 [notice] 1#1: signal 3 (SIGQUIT) received, shutting down
2022/02/20 08:50:08 [notice] 32#32: gracefully shutting down
2022/02/20 08:50:08 [notice] 33#33: gracefully shutting down
2022/02/20 08:50:08 [notice] 34#34: gracefully shutting down
2022/02/20 08:50:08 [notice] 34#34: exiting
2022/02/20 08:50:08 [notice] 35#35: gracefully shutting down
2022/02/20 08:50:08 [notice] 32#32: exiting
2022/02/20 08:50:08 [notice] 33#33: exiting
2022/02/20 08:50:08 [notice] 34#34: exit
2022/02/20 08:50:08 [notice] 35#35: exiting
2022/02/20 08:50:08 [notice] 32#32: exit
2022/02/20 08:50:08 [notice] 33#33: exit
2022/02/20 08:50:08 [notice] 35#35: exit
2022/02/20 08:50:08 [notice] 1#1: signal 17 (SIGCHLD) received from 32
2022/02/20 08:50:08 [notice] 1#1: worker process 32 exited with code 0
2022/02/20 08:50:08 [notice] 1#1: worker process 33 exited with code 0
2022/02/20 08:50:08 [notice] 1#1: signal 29 (SIGIO) received
2022/02/20 08:50:08 [notice] 1#1: signal 17 (SIGCHLD) received from 34
2022/02/20 08:50:08 [notice] 1#1: worker process 34 exited with code 0
2022/02/20 08:50:08 [notice] 1#1: worker process 35 exited with code 0
2022/02/20 08:50:08 [notice] 1#1: exit
2022/02/20 08:50:50 [notice] 1#1: using the "epoll" event method
2022/02/20 08:50:50 [notice] 1#1: nginx/1.21.6
2022/02/20 08:50:50 [notice] 1#1: built by gcc 10.2.1 20210110 (Debian 10.2.1-6) 
2022/02/20 08:50:50 [notice] 1#1: OS: Linux 4.19.128-microsoft-standard
2022/02/20 08:50:50 [notice] 1#1: getrlimit(RLIMIT_NOFILE): 1048576:1048576
2022/02/20 08:50:50 [notice] 1#1: start worker processes
2022/02/20 08:50:50 [notice] 1#1: start worker process 32
2022/02/20 08:50:50 [notice] 1#1: start worker process 33
2022/02/20 08:50:50 [notice] 1#1: start worker process 34
2022/02/20 08:50:50 [notice] 1#1: start worker process 35
2022/02/20 08:52:58 [notice] 1#1: signal 3 (SIGQUIT) received, shutting down
2022/02/20 08:52:58 [notice] 32#32: gracefully shutting down
2022/02/20 08:52:58 [notice] 33#33: gracefully shutting down
2022/02/20 08:52:58 [notice] 33#33: exiting
2022/02/20 08:52:58 [notice] 33#33: exit
2022/02/20 08:52:58 [notice] 34#34: gracefully shutting down
2022/02/20 08:52:58 [notice] 34#34: exiting
2022/02/20 08:52:58 [notice] 35#35: gracefully shutting down
2022/02/20 08:52:58 [notice] 32#32: exiting
2022/02/20 08:52:58 [notice] 32#32: exit
2022/02/20 08:52:58 [notice] 34#34: exit
2022/02/20 08:52:58 [notice] 35#35: exiting
2022/02/20 08:52:58 [notice] 35#35: exit
2022/02/20 08:52:58 [notice] 1#1: signal 17 (SIGCHLD) received from 33
2022/02/20 08:52:58 [notice] 1#1: worker process 33 exited with code 0
2022/02/20 08:52:58 [notice] 1#1: signal 29 (SIGIO) received
2022/02/20 08:52:58 [notice] 1#1: signal 17 (SIGCHLD) received from 32
2022/02/20 08:52:58 [notice] 1#1: worker process 32 exited with code 0
2022/02/20 08:52:58 [notice] 1#1: worker process 35 exited with code 0
2022/02/20 08:52:58 [notice] 1#1: signal 29 (SIGIO) received
2022/02/20 08:52:58 [notice] 1#1: signal 17 (SIGCHLD) received from 34
2022/02/20 08:52:58 [notice] 1#1: worker process 34 exited with code 0
2022/02/20 08:52:58 [notice] 1#1: exit
2022/02/20 08:53:23 [notice] 1#1: using the "epoll" event method
2022/02/20 08:53:23 [notice] 1#1: nginx/1.21.6
2022/02/20 08:53:23 [notice] 1#1: built by gcc 10.2.1 20210110 (Debian 10.2.1-6) 
2022/02/20 08:53:23 [notice] 1#1: OS: Linux 4.19.128-microsoft-standard
2022/02/20 08:53:23 [notice] 1#1: getrlimit(RLIMIT_NOFILE): 1048576:1048576
2022/02/20 08:53:23 [notice] 1#1: start worker processes
2022/02/20 08:53:23 [notice] 1#1: start worker process 31
2022/02/20 08:53:23 [notice] 1#1: start worker process 32
2022/02/20 08:53:23 [notice] 1#1: start worker process 33
2022/02/20 08:53:23 [notice] 1#1: start worker process 34
2022/02/20 08:56:27 [notice] 1#1: signal 3 (SIGQUIT) received, shutting down
2022/02/20 08:56:27 [notice] 31#31: gracefully shutting down
2022/02/20 08:56:27 [notice] 32#32: gracefully shutting down
2022/02/20 08:56:27 [notice] 33#33: gracefully shutting down
2022/02/20 08:56:27 [notice] 33#33: exiting
2022/02/20 08:56:27 [notice] 34#34: gracefully shutting down
2022/02/20 08:56:27 [notice] 31#31: exiting
2022/02/20 08:56:27 [notice] 32#32: exiting
2022/02/20 08:56:27 [notice] 33#33: exit
2022/02/20 08:56:27 [notice] 34#34: exiting
2022/02/20 08:56:27 [notice] 31#31: exit
2022/02/20 08:56:27 [notice] 32#32: exit
2022/02/20 08:56:27 [notice] 34#34: exit
2022/02/20 08:56:27 [notice] 1#1: signal 17 (SIGCHLD) received from 31
2022/02/20 08:56:27 [notice] 1#1: worker process 31 exited with code 0
2022/02/20 08:56:27 [notice] 1#1: worker process 32 exited with code 0
2022/02/20 08:56:27 [notice] 1#1: worker process 33 exited with code 0
2022/02/20 08:56:27 [notice] 1#1: worker process 34 exited with code 0
2022/02/20 08:56:27 [notice] 1#1: exit
2022/02/20 08:57:42 [notice] 1#1: using the "epoll" event method
2022/02/20 08:57:42 [notice] 1#1: nginx/1.21.6
2022/02/20 08:57:42 [notice] 1#1: built by gcc 10.2.1 20210110 (Debian 10.2.1-6) 
2022/02/20 08:57:42 [notice] 1#1: OS: Linux 4.19.128-microsoft-standard
2022/02/20 08:57:42 [notice] 1#1: getrlimit(RLIMIT_NOFILE): 1048576:1048576
2022/02/20 08:57:42 [notice] 1#1: start worker processes
2022/02/20 08:57:42 [notice] 1#1: start worker process 32
2022/02/20 08:57:42 [notice] 1#1: start worker process 33
2022/02/20 08:57:42 [notice] 1#1: start worker process 34
2022/02/20 08:57:42 [notice] 1#1: start worker process 35
2022/02/20 09:11:26 [notice] 1#1: signal 3 (SIGQUIT) received, shutting down
2022/02/20 09:11:26 [notice] 32#32: gracefully shutting down
2022/02/20 09:11:26 [notice] 34#34: gracefully shutting down
2022/02/20 09:11:26 [notice] 33#33: gracefully shutting down
2022/02/20 09:11:26 [notice] 35#35: gracefully shutting down
2022/02/20 09:11:26 [notice] 32#32: exiting
2022/02/20 09:11:26 [notice] 34#34: exiting
2022/02/20 09:11:26 [notice] 34#34: exit
2022/02/20 09:11:26 [notice] 33#33: exiting
2022/02/20 09:11:26 [notice] 35#35: exiting
2022/02/20 09:11:26 [notice] 32#32: exit
2022/02/20 09:11:26 [notice] 33#33: exit
2022/02/20 09:11:26 [notice] 35#35: exit
2022/02/20 09:11:27 [notice] 1#1: signal 17 (SIGCHLD) received from 33
2022/02/20 09:11:27 [notice] 1#1: worker process 32 exited with code 0
2022/02/20 09:11:27 [notice] 1#1: worker process 33 exited with code 0
2022/02/20 09:11:27 [notice] 1#1: worker process 34 exited with code 0
2022/02/20 09:11:27 [notice] 1#1: signal 29 (SIGIO) received
2022/02/20 09:11:27 [notice] 1#1: signal 17 (SIGCHLD) received from 35
2022/02/20 09:11:27 [notice] 1#1: worker process 35 exited with code 0
2022/02/20 09:11:27 [notice] 1#1: exit
2022/02/20 09:11:52 [notice] 1#1: using the "epoll" event method
2022/02/20 09:11:52 [notice] 1#1: nginx/1.21.6
2022/02/20 09:11:52 [notice] 1#1: built by gcc 10.2.1 20210110 (Debian 10.2.1-6) 
2022/02/20 09:11:52 [notice] 1#1: OS: Linux 4.19.128-microsoft-standard
2022/02/20 09:11:52 [notice] 1#1: getrlimit(RLIMIT_NOFILE): 1048576:1048576
2022/02/20 09:11:52 [notice] 1#1: start worker processes
2022/02/20 09:11:52 [notice] 1#1: start worker process 32
2022/02/20 09:11:52 [notice] 1#1: start worker process 33
2022/02/20 09:11:52 [notice] 1#1: start worker process 34
2022/02/20 09:11:52 [notice] 1#1: start worker process 35
2022/02/20 09:15:27 [notice] 1#1: signal 3 (SIGQUIT) received, shutting down
2022/02/20 09:15:27 [notice] 32#32: gracefully shutting down
2022/02/20 09:15:27 [notice] 32#32: exiting
2022/02/20 09:15:27 [notice] 33#33: gracefully shutting down
2022/02/20 09:15:27 [notice] 34#34: gracefully shutting down
2022/02/20 09:15:27 [notice] 34#34: exiting
2022/02/20 09:15:27 [notice] 35#35: gracefully shutting down
2022/02/20 09:15:27 [notice] 35#35: exiting
2022/02/20 09:15:27 [notice] 32#32: exit
2022/02/20 09:15:27 [notice] 33#33: exiting
2022/02/20 09:15:27 [notice] 34#34: exit
2022/02/20 09:15:27 [notice] 35#35: exit
2022/02/20 09:15:27 [notice] 33#33: exit
2022/02/20 09:15:27 [notice] 1#1: signal 17 (SIGCHLD) received from 35
2022/02/20 09:15:27 [notice] 1#1: worker process 32 exited with code 0
2022/02/20 09:15:27 [notice] 1#1: worker process 33 exited with code 0
2022/02/20 09:15:27 [notice] 1#1: worker process 34 exited with code 0
2022/02/20 09:15:27 [notice] 1#1: worker process 35 exited with code 0
2022/02/20 09:15:27 [notice] 1#1: exit
2022/02/20 09:15:51 [notice] 1#1: using the "epoll" event method
2022/02/20 09:15:51 [notice] 1#1: nginx/1.21.6
2022/02/20 09:15:51 [notice] 1#1: built by gcc 10.2.1 20210110 (Debian 10.2.1-6) 
2022/02/20 09:15:51 [notice] 1#1: OS: Linux 4.19.128-microsoft-standard
2022/02/20 09:15:51 [notice] 1#1: getrlimit(RLIMIT_NOFILE): 1048576:1048576
2022/02/20 09:15:51 [notice] 1#1: start worker processes
2022/02/20 09:15:51 [notice] 1#1: start worker process 33
2022/02/20 09:15:51 [notice] 1#1: start worker process 34
2022/02/20 09:15:51 [notice] 1#1: start worker process 35
2022/02/20 09:15:51 [notice] 1#1: start worker process 36
2022/02/20 09:17:14 [notice] 1#1: signal 3 (SIGQUIT) received, shutting down
2022/02/20 09:17:14 [notice] 33#33: gracefully shutting down
2022/02/20 09:17:14 [notice] 34#34: gracefully shutting down
2022/02/20 09:17:14 [notice] 34#34: exiting
2022/02/20 09:17:14 [notice] 36#36: gracefully shutting down
2022/02/20 09:17:14 [notice] 35#35: gracefully shutting down
2022/02/20 09:17:14 [notice] 33#33: exiting
2022/02/20 09:17:14 [notice] 34#34: exit
2022/02/20 09:17:14 [notice] 36#36: exiting
2022/02/20 09:17:14 [notice] 35#35: exiting
2022/02/20 09:17:14 [notice] 33#33: exit
2022/02/20 09:17:14 [notice] 36#36: exit
2022/02/20 09:17:14 [notice] 35#35: exit
2022/02/20 09:17:14 [notice] 1#1: signal 17 (SIGCHLD) received from 36
2022/02/20 09:17:14 [notice] 1#1: worker process 36 exited with code 0
2022/02/20 09:17:14 [notice] 1#1: signal 29 (SIGIO) received
2022/02/20 09:17:14 [notice] 1#1: signal 17 (SIGCHLD) received from 33
2022/02/20 09:17:14 [notice] 1#1: worker process 33 exited with code 0
2022/02/20 09:17:14 [notice] 1#1: signal 29 (SIGIO) received
2022/02/20 09:17:14 [notice] 1#1: signal 17 (SIGCHLD) received from 34
2022/02/20 09:17:14 [notice] 1#1: worker process 34 exited with code 0
2022/02/20 09:17:14 [notice] 1#1: worker process 35 exited with code 0
2022/02/20 09:17:14 [notice] 1#1: exit
2022/02/20 09:17:44 [notice] 1#1: using the "epoll" event method
2022/02/20 09:17:44 [notice] 1#1: nginx/1.21.6
2022/02/20 09:17:44 [notice] 1#1: built by gcc 10.2.1 20210110 (Debian 10.2.1-6) 
2022/02/20 09:17:44 [notice] 1#1: OS: Linux 4.19.128-microsoft-standard
2022/02/20 09:17:44 [notice] 1#1: getrlimit(RLIMIT_NOFILE): 1048576:1048576
2022/02/20 09:17:44 [notice] 1#1: start worker processes
2022/02/20 09:17:44 [notice] 1#1: start worker process 32
2022/02/20 09:17:44 [notice] 1#1: start worker process 33
2022/02/20 09:17:44 [notice] 1#1: start worker process 34
2022/02/20 09:17:44 [notice] 1#1: start worker process 35
2022/02/20 09:21:54 [notice] 1#1: signal 3 (SIGQUIT) received, shutting down
2022/02/20 09:21:54 [notice] 32#32: gracefully shutting down
2022/02/20 09:21:54 [notice] 33#33: gracefully shutting down
2022/02/20 09:21:54 [notice] 33#33: exiting
2022/02/20 09:21:54 [notice] 34#34: gracefully shutting down
2022/02/20 09:21:54 [notice] 34#34: exiting
2022/02/20 09:21:54 [notice] 35#35: gracefully shutting down
2022/02/20 09:21:54 [notice] 35#35: exiting
2022/02/20 09:21:54 [notice] 33#33: exit
2022/02/20 09:21:54 [notice] 32#32: exiting
2022/02/20 09:21:54 [notice] 32#32: exit
2022/02/20 09:21:54 [notice] 34#34: exit
2022/02/20 09:21:54 [notice] 35#35: exit
2022/02/20 09:21:54 [notice] 1#1: signal 17 (SIGCHLD) received from 32
2022/02/20 09:21:54 [notice] 1#1: worker process 32 exited with code 0
2022/02/20 09:21:54 [notice] 1#1: signal 29 (SIGIO) received
2022/02/20 09:21:54 [notice] 1#1: signal 17 (SIGCHLD) received from 33
2022/02/20 09:21:54 [notice] 1#1: worker process 33 exited with code 0
2022/02/20 09:21:54 [notice] 1#1: worker process 34 exited with code 0
2022/02/20 09:21:54 [notice] 1#1: worker process 35 exited with code 0
2022/02/20 09:21:54 [notice] 1#1: exit
2022/02/20 09:24:57 [notice] 1#1: using the "epoll" event method
2022/02/20 09:24:57 [notice] 1#1: nginx/1.21.6
2022/02/20 09:24:57 [notice] 1#1: built by gcc 10.2.1 20210110 (Debian 10.2.1-6) 
2022/02/20 09:24:57 [notice] 1#1: OS: Linux 4.19.128-microsoft-standard
2022/02/20 09:24:57 [notice] 1#1: getrlimit(RLIMIT_NOFILE): 1048576:1048576
2022/02/20 09:24:57 [notice] 1#1: start worker processes
2022/02/20 09:24:57 [notice] 1#1: start worker process 32
2022/02/20 09:24:57 [notice] 1#1: start worker process 33
2022/02/20 09:24:57 [notice] 1#1: start worker process 34
2022/02/20 09:24:57 [notice] 1#1: start worker process 35
2022/02/20 09:26:52 [notice] 1#1: signal 3 (SIGQUIT) received, shutting down
2022/02/20 09:26:52 [notice] 32#32: gracefully shutting down
2022/02/20 09:26:52 [notice] 34#34: gracefully shutting down
2022/02/20 09:26:52 [notice] 33#33: gracefully shutting down
2022/02/20 09:26:52 [notice] 33#33: exiting
2022/02/20 09:26:52 [notice] 35#35: gracefully shutting down
2022/02/20 09:26:52 [notice] 32#32: exiting
2022/02/20 09:26:52 [notice] 34#34: exiting
2022/02/20 09:26:52 [notice] 33#33: exit
2022/02/20 09:26:52 [notice] 35#35: exiting
2022/02/20 09:26:52 [notice] 32#32: exit
2022/02/20 09:26:52 [notice] 34#34: exit
2022/02/20 09:26:52 [notice] 35#35: exit
2022/02/20 09:26:52 [notice] 1#1: signal 17 (SIGCHLD) received from 34
2022/02/20 09:26:52 [notice] 1#1: worker process 34 exited with code 0
2022/02/20 09:26:52 [notice] 1#1: signal 29 (SIGIO) received
2022/02/20 09:26:52 [notice] 1#1: signal 17 (SIGCHLD) received from 33
2022/02/20 09:26:52 [notice] 1#1: worker process 32 exited with code 0
2022/02/20 09:26:52 [notice] 1#1: worker process 33 exited with code 0
2022/02/20 09:26:52 [notice] 1#1: worker process 35 exited with code 0
2022/02/20 09:26:52 [notice] 1#1: exit
2022/02/20 09:27:25 [notice] 1#1: using the "epoll" event method
2022/02/20 09:27:25 [notice] 1#1: nginx/1.21.6
2022/02/20 09:27:25 [notice] 1#1: built by gcc 10.2.1 20210110 (Debian 10.2.1-6) 
2022/02/20 09:27:25 [notice] 1#1: OS: Linux 4.19.128-microsoft-standard
2022/02/20 09:27:25 [notice] 1#1: getrlimit(RLIMIT_NOFILE): 1048576:1048576
2022/02/20 09:27:25 [notice] 1#1: start worker processes
2022/02/20 09:27:25 [notice] 1#1: start worker process 31
2022/02/20 09:27:25 [notice] 1#1: start worker process 32
2022/02/20 09:27:25 [notice] 1#1: start worker process 33
2022/02/20 09:27:25 [notice] 1#1: start worker process 34
2022/02/20 09:34:02 [notice] 1#1: signal 3 (SIGQUIT) received, shutting down
2022/02/20 09:34:02 [notice] 31#31: gracefully shutting down
2022/02/20 09:34:02 [notice] 33#33: gracefully shutting down
2022/02/20 09:34:02 [notice] 32#32: gracefully shutting down
2022/02/20 09:34:02 [notice] 34#34: gracefully shutting down
2022/02/20 09:34:02 [notice] 34#34: exiting
2022/02/20 09:34:02 [notice] 31#31: exiting
2022/02/20 09:34:02 [notice] 33#33: exiting
2022/02/20 09:34:02 [notice] 32#32: exiting
2022/02/20 09:34:02 [notice] 34#34: exit
2022/02/20 09:34:02 [notice] 31#31: exit
2022/02/20 09:34:02 [notice] 33#33: exit
2022/02/20 09:34:02 [notice] 32#32: exit
2022/02/20 09:34:02 [notice] 1#1: signal 17 (SIGCHLD) received from 34
2022/02/20 09:34:02 [notice] 1#1: worker process 31 exited with code 0
2022/02/20 09:34:02 [notice] 1#1: worker process 33 exited with code 0
2022/02/20 09:34:02 [notice] 1#1: worker process 34 exited with code 0
2022/02/20 09:34:02 [notice] 1#1: signal 29 (SIGIO) received
2022/02/20 09:34:02 [notice] 1#1: signal 17 (SIGCHLD) received from 32
2022/02/20 09:34:02 [notice] 1#1: worker process 32 exited with code 0
2022/02/20 09:34:02 [notice] 1#1: exit
2022/02/20 09:41:05 [notice] 1#1: using the "epoll" event method
2022/02/20 09:41:05 [notice] 1#1: nginx/1.21.6
2022/02/20 09:41:05 [notice] 1#1: built by gcc 10.2.1 20210110 (Debian 10.2.1-6) 
2022/02/20 09:41:05 [notice] 1#1: OS: Linux 4.19.128-microsoft-standard
2022/02/20 09:41:05 [notice] 1#1: getrlimit(RLIMIT_NOFILE): 1048576:1048576
2022/02/20 09:41:05 [notice] 1#1: start worker processes
2022/02/20 09:41:05 [notice] 1#1: start worker process 31
2022/02/20 09:41:05 [notice] 1#1: start worker process 32
2022/02/20 09:41:05 [notice] 1#1: start worker process 33
2022/02/20 09:41:05 [notice] 1#1: start worker process 34
2022/02/20 09:43:40 [notice] 1#1: signal 3 (SIGQUIT) received, shutting down
2022/02/20 09:43:40 [notice] 33#33: gracefully shutting down
2022/02/20 09:43:40 [notice] 32#32: gracefully shutting down
2022/02/20 09:43:40 [notice] 31#31: gracefully shutting down
2022/02/20 09:43:40 [notice] 34#34: gracefully shutting down
2022/02/20 09:43:40 [notice] 33#33: exiting
2022/02/20 09:43:40 [notice] 32#32: exiting
2022/02/20 09:43:40 [notice] 31#31: exiting
2022/02/20 09:43:40 [notice] 34#34: exiting
2022/02/20 09:43:40 [notice] 33#33: exit
2022/02/20 09:43:40 [notice] 32#32: exit
2022/02/20 09:43:40 [notice] 31#31: exit
2022/02/20 09:43:40 [notice] 34#34: exit
2022/02/20 09:43:40 [notice] 1#1: signal 17 (SIGCHLD) received from 34
2022/02/20 09:43:40 [notice] 1#1: worker process 32 exited with code 0
2022/02/20 09:43:40 [notice] 1#1: worker process 33 exited with code 0
2022/02/20 09:43:40 [notice] 1#1: worker process 34 exited with code 0
2022/02/20 09:43:40 [notice] 1#1: signal 29 (SIGIO) received
2022/02/20 09:43:40 [notice] 1#1: signal 17 (SIGCHLD) received from 32
2022/02/20 09:43:40 [notice] 1#1: signal 17 (SIGCHLD) received from 31
2022/02/20 09:43:40 [notice] 1#1: worker process 31 exited with code 0
2022/02/20 09:43:40 [notice] 1#1: exit
2022/02/20 09:44:07 [notice] 1#1: using the "epoll" event method
2022/02/20 09:44:07 [notice] 1#1: nginx/1.21.6
2022/02/20 09:44:07 [notice] 1#1: built by gcc 10.2.1 20210110 (Debian 10.2.1-6) 
2022/02/20 09:44:07 [notice] 1#1: OS: Linux 4.19.128-microsoft-standard
2022/02/20 09:44:07 [notice] 1#1: getrlimit(RLIMIT_NOFILE): 1048576:1048576
2022/02/20 09:44:07 [notice] 1#1: start worker processes
2022/02/20 09:44:07 [notice] 1#1: start worker process 32
2022/02/20 09:44:07 [notice] 1#1: start worker process 33
2022/02/20 09:44:07 [notice] 1#1: start worker process 34
2022/02/20 09:44:07 [notice] 1#1: start worker process 35
2022/02/20 09:48:53 [notice] 1#1: signal 3 (SIGQUIT) received, shutting down
2022/02/20 09:48:53 [notice] 32#32: gracefully shutting down
2022/02/20 09:48:53 [notice] 34#34: gracefully shutting down
2022/02/20 09:48:53 [notice] 33#33: gracefully shutting down
2022/02/20 09:48:53 [notice] 33#33: exiting
2022/02/20 09:48:53 [notice] 35#35: gracefully shutting down
2022/02/20 09:48:53 [notice] 35#35: exiting
2022/02/20 09:48:53 [notice] 32#32: exiting
2022/02/20 09:48:53 [notice] 34#34: exiting
2022/02/20 09:48:53 [notice] 33#33: exit
2022/02/20 09:48:53 [notice] 35#35: exit
2022/02/20 09:48:53 [notice] 32#32: exit
2022/02/20 09:48:53 [notice] 34#34: exit
2022/02/20 09:48:53 [notice] 1#1: signal 17 (SIGCHLD) received from 34
2022/02/20 09:48:53 [notice] 1#1: worker process 32 exited with code 0
2022/02/20 09:48:53 [notice] 1#1: worker process 33 exited with code 0
2022/02/20 09:48:53 [notice] 1#1: worker process 34 exited with code 0
2022/02/20 09:48:53 [notice] 1#1: signal 29 (SIGIO) received
2022/02/20 09:48:53 [notice] 1#1: signal 17 (SIGCHLD) received from 35
2022/02/20 09:48:53 [notice] 1#1: worker process 35 exited with code 0
2022/02/20 09:48:53 [notice] 1#1: exit
2022/02/20 09:50:21 [notice] 1#1: using the "epoll" event method
2022/02/20 09:50:21 [notice] 1#1: nginx/1.21.6
2022/02/20 09:50:21 [notice] 1#1: built by gcc 10.2.1 20210110 (Debian 10.2.1-6) 
2022/02/20 09:50:21 [notice] 1#1: OS: Linux 4.19.128-microsoft-standard
2022/02/20 09:50:21 [notice] 1#1: getrlimit(RLIMIT_NOFILE): 1048576:1048576
2022/02/20 09:50:21 [notice] 1#1: start worker processes
2022/02/20 09:50:21 [notice] 1#1: start worker process 31
2022/02/20 09:50:21 [notice] 1#1: start worker process 32
2022/02/20 09:50:21 [notice] 1#1: start worker process 33
2022/02/20 09:50:21 [notice] 1#1: start worker process 34
2022/02/20 09:52:20 [notice] 1#1: signal 3 (SIGQUIT) received, shutting down
2022/02/20 09:52:20 [notice] 34#34: gracefully shutting down
2022/02/20 09:52:20 [notice] 32#32: gracefully shutting down
2022/02/20 09:52:20 [notice] 31#31: gracefully shutting down
2022/02/20 09:52:20 [notice] 33#33: gracefully shutting down
2022/02/20 09:52:20 [notice] 34#34: exiting
2022/02/20 09:52:20 [notice] 32#32: exiting
2022/02/20 09:52:20 [notice] 32#32: exit
2022/02/20 09:52:20 [notice] 31#31: exiting
2022/02/20 09:52:20 [notice] 33#33: exiting
2022/02/20 09:52:20 [notice] 34#34: exit
2022/02/20 09:52:20 [notice] 31#31: exit
2022/02/20 09:52:20 [notice] 33#33: exit
2022/02/20 09:52:20 [notice] 1#1: signal 17 (SIGCHLD) received from 34
2022/02/20 09:52:20 [notice] 1#1: worker process 34 exited with code 0
2022/02/20 09:52:20 [notice] 1#1: signal 29 (SIGIO) received
2022/02/20 09:52:20 [notice] 1#1: signal 17 (SIGCHLD) received from 32
2022/02/20 09:52:20 [notice] 1#1: worker process 31 exited with code 0
2022/02/20 09:52:20 [notice] 1#1: worker process 32 exited with code 0
2022/02/20 09:52:20 [notice] 1#1: worker process 33 exited with code 0
2022/02/20 09:52:20 [notice] 1#1: exit
2022/02/20 09:52:43 [notice] 1#1: using the "epoll" event method
2022/02/20 09:52:43 [notice] 1#1: nginx/1.21.6
2022/02/20 09:52:43 [notice] 1#1: built by gcc 10.2.1 20210110 (Debian 10.2.1-6) 
2022/02/20 09:52:43 [notice] 1#1: OS: Linux 4.19.128-microsoft-standard
2022/02/20 09:52:43 [notice] 1#1: getrlimit(RLIMIT_NOFILE): 1048576:1048576
2022/02/20 09:52:43 [notice] 1#1: start worker processes
2022/02/20 09:52:43 [notice] 1#1: start worker process 33
2022/02/20 09:52:43 [notice] 1#1: start worker process 34
2022/02/20 09:52:43 [notice] 1#1: start worker process 35
2022/02/20 09:52:43 [notice] 1#1: start worker process 36
2022/02/20 09:57:17 [notice] 1#1: signal 3 (SIGQUIT) received, shutting down
2022/02/20 09:57:17 [notice] 35#35: gracefully shutting down
2022/02/20 09:57:17 [notice] 34#34: gracefully shutting down
2022/02/20 09:57:17 [notice] 33#33: gracefully shutting down
2022/02/20 09:57:17 [notice] 34#34: exiting
2022/02/20 09:57:17 [notice] 36#36: gracefully shutting down
2022/02/20 09:57:17 [notice] 35#35: exiting
2022/02/20 09:57:17 [notice] 33#33: exiting
2022/02/20 09:57:17 [notice] 34#34: exit
2022/02/20 09:57:17 [notice] 36#36: exiting
2022/02/20 09:57:17 [notice] 35#35: exit
2022/02/20 09:57:17 [notice] 33#33: exit
2022/02/20 09:57:17 [notice] 36#36: exit
2022/02/20 09:57:17 [notice] 1#1: signal 17 (SIGCHLD) received from 35
2022/02/20 09:57:17 [notice] 1#1: worker process 33 exited with code 0
2022/02/20 09:57:17 [notice] 1#1: worker process 34 exited with code 0
2022/02/20 09:57:17 [notice] 1#1: worker process 35 exited with code 0
2022/02/20 09:57:17 [notice] 1#1: worker process 36 exited with code 0
2022/02/20 09:57:17 [notice] 1#1: exit
2022/02/20 09:57:45 [notice] 1#1: using the "epoll" event method
2022/02/20 09:57:45 [notice] 1#1: nginx/1.21.6
2022/02/20 09:57:45 [notice] 1#1: built by gcc 10.2.1 20210110 (Debian 10.2.1-6) 
2022/02/20 09:57:45 [notice] 1#1: OS: Linux 4.19.128-microsoft-standard
2022/02/20 09:57:45 [notice] 1#1: getrlimit(RLIMIT_NOFILE): 1048576:1048576
2022/02/20 09:57:45 [notice] 1#1: start worker processes
2022/02/20 09:57:45 [notice] 1#1: start worker process 32
2022/02/20 09:57:45 [notice] 1#1: start worker process 33
2022/02/20 09:57:45 [notice] 1#1: start worker process 34
2022/02/20 09:57:45 [notice] 1#1: start worker process 35
2022/02/21 10:33:22 [notice] 1#1: signal 3 (SIGQUIT) received, shutting down
2022/02/21 10:33:22 [notice] 32#32: gracefully shutting down
2022/02/21 10:33:22 [notice] 33#33: gracefully shutting down
2022/02/21 10:33:22 [notice] 34#34: gracefully shutting down
2022/02/21 10:33:22 [notice] 33#33: exiting
2022/02/21 10:33:22 [notice] 35#35: gracefully shutting down
2022/02/21 10:33:22 [notice] 32#32: exiting
2022/02/21 10:33:22 [notice] 34#34: exiting
2022/02/21 10:33:22 [notice] 33#33: exit
2022/02/21 10:33:22 [notice] 34#34: exit
2022/02/21 10:33:22 [notice] 32#32: exit
2022/02/21 10:33:22 [notice] 35#35: exiting
2022/02/21 10:33:22 [notice] 35#35: exit
2022/02/21 10:33:22 [notice] 1#1: signal 17 (SIGCHLD) received from 33
2022/02/21 10:33:22 [notice] 1#1: worker process 33 exited with code 0
2022/02/21 10:33:22 [notice] 1#1: signal 29 (SIGIO) received
2022/02/21 10:33:22 [notice] 1#1: signal 17 (SIGCHLD) received from 35
2022/02/21 10:33:22 [notice] 1#1: worker process 32 exited with code 0
2022/02/21 10:33:22 [notice] 1#1: worker process 35 exited with code 0
2022/02/21 10:33:22 [notice] 1#1: signal 29 (SIGIO) received
2022/02/21 10:33:22 [notice] 1#1: signal 17 (SIGCHLD) received from 32
2022/02/21 10:33:22 [notice] 1#1: signal 17 (SIGCHLD) received from 34
2022/02/21 10:33:22 [notice] 1#1: worker process 34 exited with code 0
2022/02/21 10:33:22 [notice] 1#1: exit
2022/02/21 20:41:50 [notice] 1#1: using the "epoll" event method
2022/02/21 20:41:50 [notice] 1#1: nginx/1.21.6
2022/02/21 20:41:50 [notice] 1#1: built by gcc 10.2.1 20210110 (Debian 10.2.1-6) 
2022/02/21 20:41:50 [notice] 1#1: OS: Linux 4.19.128-microsoft-standard
2022/02/21 20:41:50 [notice] 1#1: getrlimit(RLIMIT_NOFILE): 1048576:1048576
2022/02/21 20:41:50 [notice] 1#1: start worker processes
2022/02/21 20:41:50 [notice] 1#1: start worker process 32
2022/02/21 20:41:50 [notice] 1#1: start worker process 33
2022/02/21 20:41:50 [notice] 1#1: start worker process 34
2022/02/21 20:41:50 [notice] 1#1: start worker process 35
2022/02/22 09:12:53 [notice] 1#1: signal 3 (SIGQUIT) received, shutting down
2022/02/22 09:12:53 [notice] 33#33: gracefully shutting down
2022/02/22 09:12:53 [notice] 34#34: gracefully shutting down
2022/02/22 09:12:53 [notice] 32#32: gracefully shutting down
2022/02/22 09:12:53 [notice] 35#35: gracefully shutting down
2022/02/22 09:12:53 [notice] 33#33: exiting
2022/02/22 09:12:53 [notice] 35#35: exiting
2022/02/22 09:12:53 [notice] 34#34: exiting
2022/02/22 09:12:53 [notice] 32#32: exiting
2022/02/22 09:12:53 [notice] 33#33: exit
2022/02/22 09:12:53 [notice] 35#35: exit
2022/02/22 09:12:53 [notice] 34#34: exit
2022/02/22 09:12:53 [notice] 32#32: exit
2022/02/22 09:12:53 [notice] 1#1: signal 17 (SIGCHLD) received from 34
2022/02/22 09:12:53 [notice] 1#1: worker process 34 exited with code 0
2022/02/22 09:12:53 [notice] 1#1: signal 29 (SIGIO) received
2022/02/22 09:12:53 [notice] 1#1: signal 17 (SIGCHLD) received from 33
2022/02/22 09:12:53 [notice] 1#1: worker process 33 exited with code 0
2022/02/22 09:12:53 [notice] 1#1: signal 29 (SIGIO) received
2022/02/22 09:12:53 [notice] 1#1: signal 17 (SIGCHLD) received from 35
2022/02/22 09:12:53 [notice] 1#1: worker process 32 exited with code 0
2022/02/22 09:12:53 [notice] 1#1: worker process 35 exited with code 0
2022/02/22 09:12:53 [notice] 1#1: exit
2022/03/01 17:54:49 [notice] 1#1: using the "epoll" event method
2022/03/01 17:54:49 [notice] 1#1: nginx/1.21.6
2022/03/01 17:54:49 [notice] 1#1: built by gcc 10.2.1 20210110 (Debian 10.2.1-6) 
2022/03/01 17:54:49 [notice] 1#1: OS: Linux 4.19.128-microsoft-standard
2022/03/01 17:54:49 [notice] 1#1: getrlimit(RLIMIT_NOFILE): 1048576:1048576
2022/03/01 17:54:49 [notice] 1#1: start worker processes
2022/03/01 17:54:49 [notice] 1#1: start worker process 31
2022/03/01 17:54:49 [notice] 1#1: start worker process 32
2022/03/01 17:54:49 [notice] 1#1: start worker process 33
2022/03/01 17:54:49 [notice] 1#1: start worker process 34
2022/03/01 18:02:15 [notice] 1#1: signal 3 (SIGQUIT) received, shutting down
2022/03/01 18:02:15 [notice] 31#31: gracefully shutting down
2022/03/01 18:02:15 [notice] 32#32: gracefully shutting down
2022/03/01 18:02:15 [notice] 32#32: exiting
2022/03/01 18:02:15 [notice] 33#33: gracefully shutting down
2022/03/01 18:02:15 [notice] 34#34: gracefully shutting down
2022/03/01 18:02:15 [notice] 31#31: exiting
2022/03/01 18:02:15 [notice] 32#32: exit
2022/03/01 18:02:15 [notice] 34#34: exiting
2022/03/01 18:02:15 [notice] 33#33: exiting
2022/03/01 18:02:15 [notice] 31#31: exit
2022/03/01 18:02:15 [notice] 34#34: exit
2022/03/01 18:02:15 [notice] 33#33: exit
2022/03/01 18:02:15 [notice] 1#1: signal 17 (SIGCHLD) received from 33
2022/03/01 18:02:15 [notice] 1#1: worker process 33 exited with code 0
2022/03/01 18:02:15 [notice] 1#1: signal 29 (SIGIO) received
2022/03/01 18:02:15 [notice] 1#1: signal 17 (SIGCHLD) received from 32
2022/03/01 18:02:15 [notice] 1#1: worker process 31 exited with code 0
2022/03/01 18:02:15 [notice] 1#1: worker process 32 exited with code 0
2022/03/01 18:02:15 [notice] 1#1: worker process 34 exited with code 0
2022/03/01 18:02:15 [notice] 1#1: exit
2022/03/01 18:02:29 [notice] 1#1: using the "epoll" event method
2022/03/01 18:02:29 [notice] 1#1: nginx/1.21.6
2022/03/01 18:02:29 [notice] 1#1: built by gcc 10.2.1 20210110 (Debian 10.2.1-6) 
2022/03/01 18:02:29 [notice] 1#1: OS: Linux 4.19.128-microsoft-standard
2022/03/01 18:02:29 [notice] 1#1: getrlimit(RLIMIT_NOFILE): 1048576:1048576
2022/03/01 18:02:29 [notice] 1#1: start worker processes
2022/03/01 18:02:29 [notice] 1#1: start worker process 32
2022/03/01 18:02:29 [notice] 1#1: start worker process 33
2022/03/01 18:02:29 [notice] 1#1: start worker process 34
2022/03/01 18:02:29 [notice] 1#1: start worker process 35
2022/03/01 19:00:52 [notice] 1#1: signal 3 (SIGQUIT) received, shutting down
2022/03/01 19:00:52 [notice] 33#33: gracefully shutting down
2022/03/01 19:00:52 [notice] 32#32: gracefully shutting down
2022/03/01 19:00:52 [notice] 33#33: exiting
2022/03/01 19:00:52 [notice] 35#35: gracefully shutting down
2022/03/01 19:00:52 [notice] 34#34: gracefully shutting down
2022/03/01 19:00:52 [notice] 32#32: exiting
2022/03/01 19:00:52 [notice] 33#33: exit
2022/03/01 19:00:52 [notice] 34#34: exiting
2022/03/01 19:00:52 [notice] 35#35: exiting
2022/03/01 19:00:52 [notice] 32#32: exit
2022/03/01 19:00:52 [notice] 34#34: exit
2022/03/01 19:00:52 [notice] 35#35: exit
2022/03/01 19:00:52 [notice] 1#1: signal 17 (SIGCHLD) received from 35
2022/03/01 19:00:52 [notice] 1#1: worker process 35 exited with code 0
2022/03/01 19:00:52 [notice] 1#1: signal 29 (SIGIO) received
2022/03/01 19:00:52 [notice] 1#1: signal 17 (SIGCHLD) received from 32
2022/03/01 19:00:52 [notice] 1#1: worker process 32 exited with code 0
2022/03/01 19:00:52 [notice] 1#1: signal 29 (SIGIO) received
2022/03/01 19:00:52 [notice] 1#1: signal 17 (SIGCHLD) received from 33
2022/03/01 19:00:52 [notice] 1#1: worker process 33 exited with code 0
2022/03/01 19:00:52 [notice] 1#1: worker process 34 exited with code 0
2022/03/01 19:00:52 [notice] 1#1: exit
2022/03/01 19:04:33 [notice] 1#1: using the "epoll" event method
2022/03/01 19:04:33 [notice] 1#1: nginx/1.21.6
2022/03/01 19:04:33 [notice] 1#1: built by gcc 10.2.1 20210110 (Debian 10.2.1-6) 
2022/03/01 19:04:33 [notice] 1#1: OS: Linux 4.19.128-microsoft-standard
2022/03/01 19:04:33 [notice] 1#1: getrlimit(RLIMIT_NOFILE): 1048576:1048576
2022/03/01 19:04:33 [notice] 1#1: start worker processes
2022/03/01 19:04:33 [notice] 1#1: start worker process 32
2022/03/01 19:04:33 [notice] 1#1: start worker process 33
2022/03/01 19:04:33 [notice] 1#1: start worker process 34
2022/03/01 19:04:33 [notice] 1#1: start worker process 35
2022/03/02 07:07:46 [notice] 1#1: signal 3 (SIGQUIT) received, shutting down
2022/03/02 07:07:46 [notice] 35#35: gracefully shutting down
2022/03/02 07:07:46 [notice] 35#35: exiting
2022/03/02 07:07:46 [notice] 34#34: gracefully shutting down
2022/03/02 07:07:46 [notice] 34#34: exiting
2022/03/02 07:07:46 [notice] 33#33: gracefully shutting down
2022/03/02 07:07:46 [notice] 33#33: exiting
2022/03/02 07:07:46 [notice] 32#32: gracefully shutting down
2022/03/02 07:07:46 [notice] 35#35: exit
2022/03/02 07:07:46 [notice] 34#34: exit
2022/03/02 07:07:46 [notice] 33#33: exit
2022/03/02 07:07:46 [notice] 32#32: exiting
2022/03/02 07:07:46 [notice] 32#32: exit
2022/03/02 07:07:46 [notice] 1#1: signal 17 (SIGCHLD) received from 34
2022/03/02 07:07:46 [notice] 1#1: worker process 33 exited with code 0
2022/03/02 07:07:46 [notice] 1#1: worker process 34 exited with code 0
2022/03/02 07:07:46 [notice] 1#1: signal 29 (SIGIO) received
2022/03/02 07:07:46 [notice] 1#1: signal 17 (SIGCHLD) received from 35
2022/03/02 07:07:46 [notice] 1#1: worker process 35 exited with code 0
2022/03/02 07:07:46 [notice] 1#1: signal 29 (SIGIO) received
2022/03/02 07:07:46 [notice] 1#1: signal 17 (SIGCHLD) received from 32
2022/03/02 07:07:46 [notice] 1#1: worker process 32 exited with code 0
2022/03/02 07:07:46 [notice] 1#1: exit
2022/03/02 23:02:55 [notice] 1#1: using the "epoll" event method
2022/03/02 23:02:55 [notice] 1#1: nginx/1.21.6
2022/03/02 23:02:55 [notice] 1#1: built by gcc 10.2.1 20210110 (Debian 10.2.1-6) 
2022/03/02 23:02:55 [notice] 1#1: OS: Linux 4.19.128-microsoft-standard
2022/03/02 23:02:55 [notice] 1#1: getrlimit(RLIMIT_NOFILE): 1048576:1048576
2022/03/02 23:02:55 [notice] 1#1: start worker processes
2022/03/02 23:02:55 [notice] 1#1: start worker process 33
2022/03/02 23:02:55 [notice] 1#1: start worker process 34
2022/03/02 23:02:55 [notice] 1#1: start worker process 35
2022/03/02 23:02:55 [notice] 1#1: start worker process 36
2022/03/03 11:43:50 [notice] 1#1: signal 3 (SIGQUIT) received, shutting down
2022/03/03 11:43:50 [notice] 33#33: gracefully shutting down
2022/03/03 11:43:50 [notice] 34#34: gracefully shutting down
2022/03/03 11:43:50 [notice] 35#35: gracefully shutting down
2022/03/03 11:43:50 [notice] 35#35: exiting
2022/03/03 11:43:50 [notice] 36#36: gracefully shutting down
2022/03/03 11:43:50 [notice] 34#34: exiting
2022/03/03 11:43:50 [notice] 35#35: exit
2022/03/03 11:43:50 [notice] 34#34: exit
2022/03/03 11:43:50 [notice] 36#36: exiting
2022/03/03 11:43:50 [notice] 33#33: exiting
2022/03/03 11:43:50 [notice] 33#33: exit
2022/03/03 11:43:50 [notice] 36#36: exit
2022/03/03 11:43:50 [notice] 1#1: signal 17 (SIGCHLD) received from 33
2022/03/03 11:43:50 [notice] 1#1: worker process 33 exited with code 0
2022/03/03 11:43:50 [notice] 1#1: worker process 34 exited with code 0
2022/03/03 11:43:50 [notice] 1#1: worker process 36 exited with code 0
2022/03/03 11:43:50 [notice] 1#1: signal 29 (SIGIO) received
2022/03/03 11:43:50 [notice] 1#1: signal 17 (SIGCHLD) received from 36
2022/03/03 11:43:50 [notice] 1#1: signal 17 (SIGCHLD) received from 35
2022/03/03 11:43:50 [notice] 1#1: worker process 35 exited with code 0
2022/03/03 11:43:50 [notice] 1#1: exit
2022/03/06 11:20:44 [notice] 1#1: using the "epoll" event method
2022/03/06 11:20:44 [notice] 1#1: nginx/1.21.6
2022/03/06 11:20:44 [notice] 1#1: built by gcc 10.2.1 20210110 (Debian 10.2.1-6) 
2022/03/06 11:20:44 [notice] 1#1: OS: Linux 4.19.128-microsoft-standard
2022/03/06 11:20:44 [notice] 1#1: getrlimit(RLIMIT_NOFILE): 1048576:1048576
2022/03/06 11:20:44 [notice] 1#1: start worker processes
2022/03/06 11:20:44 [notice] 1#1: start worker process 32
2022/03/06 11:20:44 [notice] 1#1: start worker process 33
2022/03/06 11:20:44 [notice] 1#1: start worker process 34
2022/03/06 11:20:44 [notice] 1#1: start worker process 35
2022/03/07 08:27:06 [notice] 1#1: using the "epoll" event method
2022/03/07 08:27:06 [notice] 1#1: nginx/1.21.6
2022/03/07 08:27:06 [notice] 1#1: built by gcc 10.2.1 20210110 (Debian 10.2.1-6) 
2022/03/07 08:27:06 [notice] 1#1: OS: Linux 4.19.128-microsoft-standard
2022/03/07 08:27:06 [notice] 1#1: getrlimit(RLIMIT_NOFILE): 1048576:1048576
2022/03/07 08:27:06 [notice] 1#1: start worker processes
2022/03/07 08:27:06 [notice] 1#1: start worker process 26
2022/03/07 08:27:06 [notice] 1#1: start worker process 27
2022/03/07 08:27:06 [notice] 1#1: start worker process 28
2022/03/07 08:27:06 [notice] 1#1: start worker process 29
2022/03/07 08:45:56 [notice] 1#1: signal 3 (SIGQUIT) received, shutting down
2022/03/07 08:45:56 [notice] 26#26: gracefully shutting down
2022/03/07 08:45:56 [notice] 27#27: gracefully shutting down
2022/03/07 08:45:56 [notice] 27#27: exiting
2022/03/07 08:45:56 [notice] 29#29: gracefully shutting down
2022/03/07 08:45:56 [notice] 28#28: gracefully shutting down
2022/03/07 08:45:56 [notice] 26#26: exiting
2022/03/07 08:45:56 [notice] 27#27: exit
2022/03/07 08:45:56 [notice] 29#29: exiting
2022/03/07 08:45:56 [notice] 29#29: exit
2022/03/07 08:45:56 [notice] 28#28: exiting
2022/03/07 08:45:56 [notice] 26#26: exit
2022/03/07 08:45:56 [notice] 28#28: exit
2022/03/07 08:45:56 [notice] 1#1: signal 17 (SIGCHLD) received from 28
2022/03/07 08:45:56 [notice] 1#1: worker process 26 exited with code 0
2022/03/07 08:45:56 [notice] 1#1: worker process 27 exited with code 0
2022/03/07 08:45:56 [notice] 1#1: worker process 28 exited with code 0
2022/03/07 08:45:56 [notice] 1#1: worker process 29 exited with code 0
2022/03/07 08:45:56 [notice] 1#1: exit
2022/03/08 18:15:59 [notice] 1#1: using the "epoll" event method
2022/03/08 18:15:59 [notice] 1#1: nginx/1.21.6
2022/03/08 18:15:59 [notice] 1#1: built by gcc 10.2.1 20210110 (Debian 10.2.1-6) 
2022/03/08 18:15:59 [notice] 1#1: OS: Linux 4.19.128-microsoft-standard
2022/03/08 18:15:59 [notice] 1#1: getrlimit(RLIMIT_NOFILE): 1048576:1048576
2022/03/08 18:15:59 [notice] 1#1: start worker processes
2022/03/08 18:15:59 [notice] 1#1: start worker process 31
2022/03/08 18:15:59 [notice] 1#1: start worker process 32
2022/03/08 18:15:59 [notice] 1#1: start worker process 33
2022/03/08 18:15:59 [notice] 1#1: start worker process 34
